2026-04-15 21:17:36 - #----------Config info----------#
2026-04-15 21:17:36 - network: UltraLight_VM_UNet,
2026-04-15 21:17:36 - model_config: {'num_classes': 1, 'input_channels': 3, 'c_list': [8, 16, 24, 32, 48, 64], 'split_att': 'fc', 'bridge': True},
2026-04-15 21:17:36 - test_weights: ,
2026-04-15 21:17:36 - datasets: ISIC_Combined,
2026-04-15 21:17:36 - data_path: /gpfs/work/bio/yixuanli2204/FYP_Project/code/UltraLight-VM-UNet/data/skin_lesion/,
2026-04-15 21:17:36 - criterion: BceDiceLoss(
  (bce): BCELoss(
    (bceloss): BCELoss()
  )
  (dice): DiceLoss()
),
2026-04-15 21:17:36 - num_classes: 1,
2026-04-15 21:17:36 - input_size_h: 256,
2026-04-15 21:17:36 - input_size_w: 256,
2026-04-15 21:17:36 - input_channels: 3,
2026-04-15 21:17:36 - distributed: False,
2026-04-15 21:17:36 - local_rank: -1,
2026-04-15 21:17:36 - num_workers: 8,
2026-04-15 21:17:36 - seed: 42,
2026-04-15 21:17:36 - amp: False,
2026-04-15 21:17:36 - batch_size: 8,
2026-04-15 21:17:36 - epochs: 50,
2026-04-15 21:17:36 - work_dir: results/VMUNET_WEAK_BASELINE/,
2026-04-15 21:17:36 - print_interval: 20,
2026-04-15 21:17:36 - val_interval: 2,
2026-04-15 21:17:36 - save_interval: 10,
2026-04-15 21:17:36 - threshold: 0.5,
2026-04-15 21:17:36 - opt: AdamW,
2026-04-15 21:17:36 - lr: 0.001,
2026-04-15 21:17:36 - betas: (0.9, 0.999),
2026-04-15 21:17:36 - eps: 1e-08,
2026-04-15 21:17:36 - weight_decay: 0.01,
2026-04-15 21:17:36 - amsgrad: False,
2026-04-15 21:17:36 - sch: CosineAnnealingLR,
2026-04-15 21:17:36 - T_max: 50,
2026-04-15 21:17:36 - eta_min: 1e-05,
2026-04-15 21:17:36 - last_epoch: -1,
2026-04-15 21:17:36 - step_size: 30,
2026-04-15 21:17:36 - gamma: 0.1,
2026-04-15 21:17:36 - milestones: [60, 120, 150],
2026-04-15 21:17:36 - mode: min,
2026-04-15 21:17:36 - factor: 0.1,
2026-04-15 21:17:36 - patience: 10,
2026-04-15 21:17:36 - cooldown: 0,
2026-04-15 21:17:36 - min_lr: 0,
2026-04-15 21:18:00 - train: epoch 1, iter:0, loss: 1.3657, lr: 0.001
2026-04-15 21:18:01 - train: epoch 1, iter:20, loss: 0.8176, lr: 0.001
2026-04-15 21:18:02 - train: epoch 1, iter:40, loss: 0.7224, lr: 0.001
2026-04-15 21:18:03 - train: epoch 1, iter:60, loss: 0.6883, lr: 0.001
2026-04-15 21:18:04 - train: epoch 1, iter:80, loss: 0.6644, lr: 0.001
2026-04-15 21:18:05 - train: epoch 1, iter:100, loss: 0.6409, lr: 0.001
2026-04-15 21:18:06 - train: epoch 1, iter:120, loss: 0.6223, lr: 0.001
2026-04-15 21:18:07 - train: epoch 1, iter:140, loss: 0.6079, lr: 0.001
2026-04-15 21:18:09 - train: epoch 1, iter:160, loss: 0.5902, lr: 0.001
2026-04-15 21:18:09 - train: epoch 1, iter:180, loss: 0.5795, lr: 0.001
2026-04-15 21:18:11 - train: epoch 1, iter:200, loss: 0.5647, lr: 0.001
2026-04-15 21:18:12 - train: epoch 1, iter:220, loss: 0.5541, lr: 0.001
2026-04-15 21:18:13 - train: epoch 1, iter:240, loss: 0.5474, lr: 0.001
2026-04-15 21:18:14 - train: epoch 1, iter:260, loss: 0.5403, lr: 0.001
2026-04-15 21:18:15 - train: epoch 1, iter:280, loss: 0.5369, lr: 0.001
2026-04-15 21:18:16 - train: epoch 1, iter:300, loss: 0.5307, lr: 0.001
2026-04-15 21:18:17 - train: epoch 1, iter:320, loss: 0.5205, lr: 0.001
2026-04-15 21:18:18 - train: epoch 1, iter:340, loss: 0.5110, lr: 0.001
2026-04-15 21:18:19 - train: epoch 1, iter:360, loss: 0.5014, lr: 0.001
2026-04-15 21:18:24 - val epoch: 1, loss: 0.5744
2026-04-15 21:18:24 - Best model saved at epoch 1 with loss 0.5744
2026-04-15 21:18:25 - train: epoch 2, iter:0, loss: 0.4049, lr: 0.0009990232305719944
2026-04-15 21:18:26 - train: epoch 2, iter:20, loss: 0.4173, lr: 0.0009990232305719944
2026-04-15 21:18:27 - train: epoch 2, iter:40, loss: 0.4080, lr: 0.0009990232305719944
2026-04-15 21:18:28 - train: epoch 2, iter:60, loss: 0.4292, lr: 0.0009990232305719944
2026-04-15 21:18:29 - train: epoch 2, iter:80, loss: 0.4183, lr: 0.0009990232305719944
2026-04-15 21:18:30 - train: epoch 2, iter:100, loss: 0.4163, lr: 0.0009990232305719944
2026-04-15 21:18:31 - train: epoch 2, iter:120, loss: 0.4030, lr: 0.0009990232305719944
2026-04-15 21:18:32 - train: epoch 2, iter:140, loss: 0.3962, lr: 0.0009990232305719944
2026-04-15 21:18:33 - train: epoch 2, iter:160, loss: 0.3975, lr: 0.0009990232305719944
2026-04-15 21:18:34 - train: epoch 2, iter:180, loss: 0.3980, lr: 0.0009990232305719944
2026-04-15 21:18:35 - train: epoch 2, iter:200, loss: 0.3935, lr: 0.0009990232305719944
2026-04-15 21:18:36 - train: epoch 2, iter:220, loss: 0.3841, lr: 0.0009990232305719944
2026-04-15 21:18:37 - train: epoch 2, iter:240, loss: 0.3786, lr: 0.0009990232305719944
2026-04-15 21:18:38 - train: epoch 2, iter:260, loss: 0.3750, lr: 0.0009990232305719944
2026-04-15 21:18:39 - train: epoch 2, iter:280, loss: 0.3706, lr: 0.0009990232305719944
2026-04-15 21:18:40 - train: epoch 2, iter:300, loss: 0.3654, lr: 0.0009990232305719944
2026-04-15 21:18:41 - train: epoch 2, iter:320, loss: 0.3593, lr: 0.0009990232305719944
2026-04-15 21:18:42 - train: epoch 2, iter:340, loss: 0.3590, lr: 0.0009990232305719944
2026-04-15 21:18:43 - train: epoch 2, iter:360, loss: 0.3572, lr: 0.0009990232305719944
2026-04-15 21:18:53 - val epoch: 2, loss: 0.3524, miou: 0.6362115240391646, f1_or_dsc: 0.7776641524545773, accuracy: 0.9733355331420899,                 specificity: 0.9939301579685031, sensitivity: 0.6894440834889953, confusion_matrix: [[24292973   148355]
 [  550638  1222434]]
2026-04-15 21:18:53 - Best model saved at epoch 2 with loss 0.3524
2026-04-15 21:18:53 - train: epoch 3, iter:0, loss: 0.3953, lr: 0.0009960967771506664
2026-04-15 21:18:54 - train: epoch 3, iter:20, loss: 0.4395, lr: 0.0009960967771506664
2026-04-15 21:18:55 - train: epoch 3, iter:40, loss: 0.3905, lr: 0.0009960967771506664
2026-04-15 21:18:56 - train: epoch 3, iter:60, loss: 0.3707, lr: 0.0009960967771506664
2026-04-15 21:18:58 - train: epoch 3, iter:80, loss: 0.3562, lr: 0.0009960967771506664
2026-04-15 21:18:59 - train: epoch 3, iter:100, loss: 0.3548, lr: 0.0009960967771506664
2026-04-15 21:18:59 - train: epoch 3, iter:120, loss: 0.3465, lr: 0.0009960967771506664
2026-04-15 21:19:01 - train: epoch 3, iter:140, loss: 0.3365, lr: 0.0009960967771506664
2026-04-15 21:19:02 - train: epoch 3, iter:160, loss: 0.3278, lr: 0.0009960967771506664
2026-04-15 21:19:03 - train: epoch 3, iter:180, loss: 0.3328, lr: 0.0009960967771506664
2026-04-15 21:19:04 - train: epoch 3, iter:200, loss: 0.3363, lr: 0.0009960967771506664
2026-04-15 21:19:05 - train: epoch 3, iter:220, loss: 0.3355, lr: 0.0009960967771506664
2026-04-15 21:19:06 - train: epoch 3, iter:240, loss: 0.3333, lr: 0.0009960967771506664
2026-04-15 21:19:07 - train: epoch 3, iter:260, loss: 0.3298, lr: 0.0009960967771506664
2026-04-15 21:19:08 - train: epoch 3, iter:280, loss: 0.3342, lr: 0.0009960967771506664
2026-04-15 21:19:09 - train: epoch 3, iter:300, loss: 0.3369, lr: 0.0009960967771506664
2026-04-15 21:19:10 - train: epoch 3, iter:320, loss: 0.3407, lr: 0.0009960967771506664
2026-04-15 21:19:11 - train: epoch 3, iter:340, loss: 0.3382, lr: 0.0009960967771506664
2026-04-15 21:19:12 - train: epoch 3, iter:360, loss: 0.3342, lr: 0.0009960967771506664
2026-04-15 21:19:17 - val epoch: 3, loss: 0.3027
2026-04-15 21:19:17 - Best model saved at epoch 3 with loss 0.3027
2026-04-15 21:19:18 - train: epoch 4, iter:0, loss: 0.2526, lr: 0.0009912321891107007
2026-04-15 21:19:19 - train: epoch 4, iter:20, loss: 0.2882, lr: 0.0009912321891107007
2026-04-15 21:19:20 - train: epoch 4, iter:40, loss: 0.2861, lr: 0.0009912321891107007
2026-04-15 21:19:21 - train: epoch 4, iter:60, loss: 0.2997, lr: 0.0009912321891107007
2026-04-15 21:19:22 - train: epoch 4, iter:80, loss: 0.2919, lr: 0.0009912321891107007
2026-04-15 21:19:23 - train: epoch 4, iter:100, loss: 0.2965, lr: 0.0009912321891107007
2026-04-15 21:19:24 - train: epoch 4, iter:120, loss: 0.2917, lr: 0.0009912321891107007
2026-04-15 21:19:25 - train: epoch 4, iter:140, loss: 0.2917, lr: 0.0009912321891107007
2026-04-15 21:19:26 - train: epoch 4, iter:160, loss: 0.2936, lr: 0.0009912321891107007
2026-04-15 21:19:27 - train: epoch 4, iter:180, loss: 0.2922, lr: 0.0009912321891107007
2026-04-15 21:19:28 - train: epoch 4, iter:200, loss: 0.2941, lr: 0.0009912321891107007
2026-04-15 21:19:29 - train: epoch 4, iter:220, loss: 0.2903, lr: 0.0009912321891107007
2026-04-15 21:19:30 - train: epoch 4, iter:240, loss: 0.2943, lr: 0.0009912321891107007
2026-04-15 21:19:31 - train: epoch 4, iter:260, loss: 0.2980, lr: 0.0009912321891107007
2026-04-15 21:19:32 - train: epoch 4, iter:280, loss: 0.3000, lr: 0.0009912321891107007
2026-04-15 21:19:33 - train: epoch 4, iter:300, loss: 0.2975, lr: 0.0009912321891107007
2026-04-15 21:19:34 - train: epoch 4, iter:320, loss: 0.2971, lr: 0.0009912321891107007
2026-04-15 21:19:35 - train: epoch 4, iter:340, loss: 0.2991, lr: 0.0009912321891107007
2026-04-15 21:19:36 - train: epoch 4, iter:360, loss: 0.2981, lr: 0.0009912321891107007
2026-04-15 21:19:46 - val epoch: 4, loss: 0.2779, miou: 0.684636894605856, f1_or_dsc: 0.8128005468692245, accuracy: 0.9761401748657227,                 specificity: 0.9913971941295497, sensitivity: 0.7658262044632141, confusion_matrix: [[24231064   210264]
 [  415207  1357865]]
2026-04-15 21:19:46 - Best model saved at epoch 4 with loss 0.2779
2026-04-15 21:19:46 - train: epoch 5, iter:0, loss: 0.2307, lr: 0.0009844486647586721
2026-04-15 21:19:48 - train: epoch 5, iter:20, loss: 0.2733, lr: 0.0009844486647586721
2026-04-15 21:19:49 - train: epoch 5, iter:40, loss: 0.2930, lr: 0.0009844486647586721
2026-04-15 21:19:50 - train: epoch 5, iter:60, loss: 0.2878, lr: 0.0009844486647586721
2026-04-15 21:19:51 - train: epoch 5, iter:80, loss: 0.3027, lr: 0.0009844486647586721
2026-04-15 21:19:52 - train: epoch 5, iter:100, loss: 0.3125, lr: 0.0009844486647586721
2026-04-15 21:19:53 - train: epoch 5, iter:120, loss: 0.3068, lr: 0.0009844486647586721
2026-04-15 21:19:54 - train: epoch 5, iter:140, loss: 0.2997, lr: 0.0009844486647586721
2026-04-15 21:19:55 - train: epoch 5, iter:160, loss: 0.3046, lr: 0.0009844486647586721
2026-04-15 21:19:56 - train: epoch 5, iter:180, loss: 0.3035, lr: 0.0009844486647586721
2026-04-15 21:19:57 - train: epoch 5, iter:200, loss: 0.3010, lr: 0.0009844486647586721
2026-04-15 21:19:58 - train: epoch 5, iter:220, loss: 0.3007, lr: 0.0009844486647586721
2026-04-15 21:19:59 - train: epoch 5, iter:240, loss: 0.2984, lr: 0.0009844486647586721
2026-04-15 21:20:00 - train: epoch 5, iter:260, loss: 0.2990, lr: 0.0009844486647586721
2026-04-15 21:20:01 - train: epoch 5, iter:280, loss: 0.2963, lr: 0.0009844486647586721
2026-04-15 21:20:02 - train: epoch 5, iter:300, loss: 0.2967, lr: 0.0009844486647586721
2026-04-15 21:20:03 - train: epoch 5, iter:320, loss: 0.2971, lr: 0.0009844486647586721
2026-04-15 21:20:04 - train: epoch 5, iter:340, loss: 0.2974, lr: 0.0009844486647586721
2026-04-15 21:20:05 - train: epoch 5, iter:360, loss: 0.2977, lr: 0.0009844486647586721
2026-04-15 21:20:11 - val epoch: 5, loss: 0.3025
2026-04-15 21:20:11 - train: epoch 6, iter:0, loss: 0.5668, lr: 0.0009757729755661009
2026-04-15 21:20:13 - train: epoch 6, iter:20, loss: 0.2890, lr: 0.0009757729755661009
2026-04-15 21:20:14 - train: epoch 6, iter:40, loss: 0.3037, lr: 0.0009757729755661009
2026-04-15 21:20:15 - train: epoch 6, iter:60, loss: 0.2852, lr: 0.0009757729755661009
2026-04-15 21:20:15 - train: epoch 6, iter:80, loss: 0.2989, lr: 0.0009757729755661009
2026-04-15 21:20:17 - train: epoch 6, iter:100, loss: 0.2993, lr: 0.0009757729755661009
2026-04-15 21:20:18 - train: epoch 6, iter:120, loss: 0.2871, lr: 0.0009757729755661009
2026-04-15 21:20:19 - train: epoch 6, iter:140, loss: 0.2835, lr: 0.0009757729755661009
2026-04-15 21:20:20 - train: epoch 6, iter:160, loss: 0.2841, lr: 0.0009757729755661009
2026-04-15 21:20:21 - train: epoch 6, iter:180, loss: 0.2855, lr: 0.0009757729755661009
2026-04-15 21:20:22 - train: epoch 6, iter:200, loss: 0.2881, lr: 0.0009757729755661009
2026-04-15 21:20:23 - train: epoch 6, iter:220, loss: 0.2874, lr: 0.0009757729755661009
2026-04-15 21:20:24 - train: epoch 6, iter:240, loss: 0.2851, lr: 0.0009757729755661009
2026-04-15 21:20:25 - train: epoch 6, iter:260, loss: 0.2840, lr: 0.0009757729755661009
2026-04-15 21:20:26 - train: epoch 6, iter:280, loss: 0.2836, lr: 0.0009757729755661009
2026-04-15 21:20:27 - train: epoch 6, iter:300, loss: 0.2824, lr: 0.0009757729755661009
2026-04-15 21:20:28 - train: epoch 6, iter:320, loss: 0.2815, lr: 0.0009757729755661009
2026-04-15 21:20:29 - train: epoch 6, iter:340, loss: 0.2820, lr: 0.0009757729755661009
2026-04-15 21:20:30 - train: epoch 6, iter:360, loss: 0.2814, lr: 0.0009757729755661009
2026-04-15 21:20:39 - val epoch: 6, loss: 0.2879, miou: 0.6717586587884902, f1_or_dsc: 0.8036550673831212, accuracy: 0.9754981231689454,                 specificity: 0.9924829780116694, sensitivity: 0.7413663968524685, confusion_matrix: [[24257602   183726]
 [  458576  1314496]]
2026-04-15 21:20:40 - train: epoch 7, iter:0, loss: 0.5101, lr: 0.0009652393605146842
2026-04-15 21:20:41 - train: epoch 7, iter:20, loss: 0.3345, lr: 0.0009652393605146842
2026-04-15 21:20:42 - train: epoch 7, iter:40, loss: 0.3109, lr: 0.0009652393605146842
2026-04-15 21:20:43 - train: epoch 7, iter:60, loss: 0.2985, lr: 0.0009652393605146842
2026-04-15 21:20:44 - train: epoch 7, iter:80, loss: 0.2852, lr: 0.0009652393605146842
2026-04-15 21:20:45 - train: epoch 7, iter:100, loss: 0.2890, lr: 0.0009652393605146842
2026-04-15 21:20:46 - train: epoch 7, iter:120, loss: 0.2901, lr: 0.0009652393605146842
2026-04-15 21:20:47 - train: epoch 7, iter:140, loss: 0.2895, lr: 0.0009652393605146842
2026-04-15 21:20:48 - train: epoch 7, iter:160, loss: 0.2857, lr: 0.0009652393605146842
2026-04-15 21:20:49 - train: epoch 7, iter:180, loss: 0.2796, lr: 0.0009652393605146842
2026-04-15 21:20:50 - train: epoch 7, iter:200, loss: 0.2832, lr: 0.0009652393605146842
2026-04-15 21:20:51 - train: epoch 7, iter:220, loss: 0.2826, lr: 0.0009652393605146842
2026-04-15 21:20:52 - train: epoch 7, iter:240, loss: 0.2798, lr: 0.0009652393605146842
2026-04-15 21:20:53 - train: epoch 7, iter:260, loss: 0.2781, lr: 0.0009652393605146842
2026-04-15 21:20:54 - train: epoch 7, iter:280, loss: 0.2776, lr: 0.0009652393605146842
2026-04-15 21:20:55 - train: epoch 7, iter:300, loss: 0.2758, lr: 0.0009652393605146842
2026-04-15 21:20:56 - train: epoch 7, iter:320, loss: 0.2729, lr: 0.0009652393605146842
2026-04-15 21:20:57 - train: epoch 7, iter:340, loss: 0.2723, lr: 0.0009652393605146842
2026-04-15 21:20:58 - train: epoch 7, iter:360, loss: 0.2742, lr: 0.0009652393605146842
2026-04-15 21:21:04 - val epoch: 7, loss: 0.3171
2026-04-15 21:21:04 - train: epoch 8, iter:0, loss: 0.2248, lr: 0.0009528893909706795
2026-04-15 21:21:06 - train: epoch 8, iter:20, loss: 0.2789, lr: 0.0009528893909706795
2026-04-15 21:21:06 - train: epoch 8, iter:40, loss: 0.2897, lr: 0.0009528893909706795
2026-04-15 21:21:08 - train: epoch 8, iter:60, loss: 0.2791, lr: 0.0009528893909706795
2026-04-15 21:21:09 - train: epoch 8, iter:80, loss: 0.2801, lr: 0.0009528893909706795
2026-04-15 21:21:10 - train: epoch 8, iter:100, loss: 0.2769, lr: 0.0009528893909706795
2026-04-15 21:21:11 - train: epoch 8, iter:120, loss: 0.2791, lr: 0.0009528893909706795
2026-04-15 21:21:12 - train: epoch 8, iter:140, loss: 0.2720, lr: 0.0009528893909706795
2026-04-15 21:21:13 - train: epoch 8, iter:160, loss: 0.2676, lr: 0.0009528893909706795
2026-04-15 21:21:14 - train: epoch 8, iter:180, loss: 0.2670, lr: 0.0009528893909706795
2026-04-15 21:21:15 - train: epoch 8, iter:200, loss: 0.2646, lr: 0.0009528893909706795
2026-04-15 21:21:16 - train: epoch 8, iter:220, loss: 0.2668, lr: 0.0009528893909706795
2026-04-15 21:21:17 - train: epoch 8, iter:240, loss: 0.2690, lr: 0.0009528893909706795
2026-04-15 21:21:18 - train: epoch 8, iter:260, loss: 0.2664, lr: 0.0009528893909706795
2026-04-15 21:21:19 - train: epoch 8, iter:280, loss: 0.2674, lr: 0.0009528893909706795
2026-04-15 21:21:20 - train: epoch 8, iter:300, loss: 0.2680, lr: 0.0009528893909706795
2026-04-15 21:21:21 - train: epoch 8, iter:320, loss: 0.2672, lr: 0.0009528893909706795
2026-04-15 21:21:22 - train: epoch 8, iter:340, loss: 0.2648, lr: 0.0009528893909706795
2026-04-15 21:21:23 - train: epoch 8, iter:360, loss: 0.2644, lr: 0.0009528893909706795
2026-04-15 21:21:32 - val epoch: 8, loss: 0.2685, miou: 0.6865866095952592, f1_or_dsc: 0.8141729641266673, accuracy: 0.9752413177490235,                 specificity: 0.9878163739711688, sensitivity: 0.8018974976763493, confusion_matrix: [[24143544   297784]
 [  351250  1421822]]
2026-04-15 21:21:32 - Best model saved at epoch 8 with loss 0.2685
2026-04-15 21:21:32 - train: epoch 9, iter:0, loss: 0.2637, lr: 0.0009387718066217122
2026-04-15 21:21:34 - train: epoch 9, iter:20, loss: 0.3055, lr: 0.0009387718066217122
2026-04-15 21:21:35 - train: epoch 9, iter:40, loss: 0.2756, lr: 0.0009387718066217122
2026-04-15 21:21:36 - train: epoch 9, iter:60, loss: 0.2810, lr: 0.0009387718066217122
2026-04-15 21:21:37 - train: epoch 9, iter:80, loss: 0.2654, lr: 0.0009387718066217122
2026-04-15 21:21:38 - train: epoch 9, iter:100, loss: 0.2520, lr: 0.0009387718066217122
2026-04-15 21:21:39 - train: epoch 9, iter:120, loss: 0.2483, lr: 0.0009387718066217122
2026-04-15 21:21:40 - train: epoch 9, iter:140, loss: 0.2476, lr: 0.0009387718066217122
2026-04-15 21:21:41 - train: epoch 9, iter:160, loss: 0.2468, lr: 0.0009387718066217122
2026-04-15 21:21:42 - train: epoch 9, iter:180, loss: 0.2454, lr: 0.0009387718066217122
2026-04-15 21:21:43 - train: epoch 9, iter:200, loss: 0.2474, lr: 0.0009387718066217122
2026-04-15 21:21:44 - train: epoch 9, iter:220, loss: 0.2472, lr: 0.0009387718066217122
2026-04-15 21:21:45 - train: epoch 9, iter:240, loss: 0.2453, lr: 0.0009387718066217122
2026-04-15 21:21:46 - train: epoch 9, iter:260, loss: 0.2490, lr: 0.0009387718066217122
2026-04-15 21:21:47 - train: epoch 9, iter:280, loss: 0.2500, lr: 0.0009387718066217122
2026-04-15 21:21:48 - train: epoch 9, iter:300, loss: 0.2521, lr: 0.0009387718066217122
2026-04-15 21:21:49 - train: epoch 9, iter:320, loss: 0.2520, lr: 0.0009387718066217122
2026-04-15 21:21:50 - train: epoch 9, iter:340, loss: 0.2520, lr: 0.0009387718066217122
2026-04-15 21:21:51 - train: epoch 9, iter:360, loss: 0.2510, lr: 0.0009387718066217122
2026-04-15 21:21:57 - val epoch: 9, loss: 0.2626
2026-04-15 21:21:57 - Best model saved at epoch 9 with loss 0.2626
2026-04-15 21:21:57 - train: epoch 10, iter:0, loss: 0.2715, lr: 0.0009229423231234972
2026-04-15 21:21:59 - train: epoch 10, iter:20, loss: 0.2580, lr: 0.0009229423231234972
2026-04-15 21:22:00 - train: epoch 10, iter:40, loss: 0.2637, lr: 0.0009229423231234972
2026-04-15 21:22:01 - train: epoch 10, iter:60, loss: 0.2569, lr: 0.0009229423231234972
2026-04-15 21:22:02 - train: epoch 10, iter:80, loss: 0.2596, lr: 0.0009229423231234972
2026-04-15 21:22:03 - train: epoch 10, iter:100, loss: 0.2529, lr: 0.0009229423231234972
2026-04-15 21:22:04 - train: epoch 10, iter:120, loss: 0.2537, lr: 0.0009229423231234972
2026-04-15 21:22:05 - train: epoch 10, iter:140, loss: 0.2524, lr: 0.0009229423231234972
2026-04-15 21:22:06 - train: epoch 10, iter:160, loss: 0.2484, lr: 0.0009229423231234972
2026-04-15 21:22:07 - train: epoch 10, iter:180, loss: 0.2481, lr: 0.0009229423231234972
2026-04-15 21:22:08 - train: epoch 10, iter:200, loss: 0.2433, lr: 0.0009229423231234972
2026-04-15 21:22:09 - train: epoch 10, iter:220, loss: 0.2483, lr: 0.0009229423231234972
2026-04-15 21:22:10 - train: epoch 10, iter:240, loss: 0.2490, lr: 0.0009229423231234972
2026-04-15 21:22:11 - train: epoch 10, iter:260, loss: 0.2492, lr: 0.0009229423231234972
2026-04-15 21:22:12 - train: epoch 10, iter:280, loss: 0.2500, lr: 0.0009229423231234972
2026-04-15 21:22:13 - train: epoch 10, iter:300, loss: 0.2511, lr: 0.0009229423231234972
2026-04-15 21:22:14 - train: epoch 10, iter:320, loss: 0.2511, lr: 0.0009229423231234972
2026-04-15 21:22:15 - train: epoch 10, iter:340, loss: 0.2495, lr: 0.0009229423231234972
2026-04-15 21:22:16 - train: epoch 10, iter:360, loss: 0.2485, lr: 0.0009229423231234972
2026-04-15 21:22:25 - val epoch: 10, loss: 0.2907, miou: 0.658118416027632, f1_or_dsc: 0.7938135294393409, accuracy: 0.9691287231445312,                 specificity: 0.9756952650036037, sensitivity: 0.8786106824765153, confusion_matrix: [[23847288   594040]
 [  215232  1557840]]
2026-04-15 21:22:25 - train: epoch 11, iter:0, loss: 0.2396, lr: 0.0009054634122155987
2026-04-15 21:22:27 - train: epoch 11, iter:20, loss: 0.2343, lr: 0.0009054634122155987
2026-04-15 21:22:28 - train: epoch 11, iter:40, loss: 0.2467, lr: 0.0009054634122155987
2026-04-15 21:22:29 - train: epoch 11, iter:60, loss: 0.2603, lr: 0.0009054634122155987
2026-04-15 21:22:30 - train: epoch 11, iter:80, loss: 0.2612, lr: 0.0009054634122155987
2026-04-15 21:22:31 - train: epoch 11, iter:100, loss: 0.2636, lr: 0.0009054634122155987
2026-04-15 21:22:32 - train: epoch 11, iter:120, loss: 0.2631, lr: 0.0009054634122155987
2026-04-15 21:22:33 - train: epoch 11, iter:140, loss: 0.2607, lr: 0.0009054634122155987
2026-04-15 21:22:34 - train: epoch 11, iter:160, loss: 0.2630, lr: 0.0009054634122155987
2026-04-15 21:22:35 - train: epoch 11, iter:180, loss: 0.2621, lr: 0.0009054634122155987
2026-04-15 21:22:36 - train: epoch 11, iter:200, loss: 0.2610, lr: 0.0009054634122155987
2026-04-15 21:22:37 - train: epoch 11, iter:220, loss: 0.2575, lr: 0.0009054634122155987
2026-04-15 21:22:38 - train: epoch 11, iter:240, loss: 0.2543, lr: 0.0009054634122155987
2026-04-15 21:22:39 - train: epoch 11, iter:260, loss: 0.2518, lr: 0.0009054634122155987
2026-04-15 21:22:40 - train: epoch 11, iter:280, loss: 0.2518, lr: 0.0009054634122155987
2026-04-15 21:22:41 - train: epoch 11, iter:300, loss: 0.2500, lr: 0.0009054634122155987
2026-04-15 21:22:42 - train: epoch 11, iter:320, loss: 0.2511, lr: 0.0009054634122155987
2026-04-15 21:22:43 - train: epoch 11, iter:340, loss: 0.2499, lr: 0.0009054634122155987
2026-04-15 21:22:44 - train: epoch 11, iter:360, loss: 0.2497, lr: 0.0009054634122155987
2026-04-15 21:22:49 - val epoch: 11, loss: 0.3212
2026-04-15 21:22:50 - train: epoch 12, iter:0, loss: 0.2816, lr: 0.0008864040551740153
2026-04-15 21:22:51 - train: epoch 12, iter:20, loss: 0.2442, lr: 0.0008864040551740153
2026-04-15 21:22:52 - train: epoch 12, iter:40, loss: 0.2494, lr: 0.0008864040551740153
2026-04-15 21:22:53 - train: epoch 12, iter:60, loss: 0.2382, lr: 0.0008864040551740153
2026-04-15 21:22:54 - train: epoch 12, iter:80, loss: 0.2409, lr: 0.0008864040551740153
2026-04-15 21:22:55 - train: epoch 12, iter:100, loss: 0.2380, lr: 0.0008864040551740153
2026-04-15 21:22:56 - train: epoch 12, iter:120, loss: 0.2392, lr: 0.0008864040551740153
2026-04-15 21:22:57 - train: epoch 12, iter:140, loss: 0.2441, lr: 0.0008864040551740153
2026-04-15 21:22:59 - train: epoch 12, iter:160, loss: 0.2439, lr: 0.0008864040551740153
2026-04-15 21:23:00 - train: epoch 12, iter:180, loss: 0.2410, lr: 0.0008864040551740153
2026-04-15 21:23:01 - train: epoch 12, iter:200, loss: 0.2382, lr: 0.0008864040551740153
2026-04-15 21:23:02 - train: epoch 12, iter:220, loss: 0.2426, lr: 0.0008864040551740153
2026-04-15 21:23:03 - train: epoch 12, iter:240, loss: 0.2420, lr: 0.0008864040551740153
2026-04-15 21:23:04 - train: epoch 12, iter:260, loss: 0.2421, lr: 0.0008864040551740153
2026-04-15 21:23:05 - train: epoch 12, iter:280, loss: 0.2448, lr: 0.0008864040551740153
2026-04-15 21:23:06 - train: epoch 12, iter:300, loss: 0.2433, lr: 0.0008864040551740153
2026-04-15 21:23:07 - train: epoch 12, iter:320, loss: 0.2436, lr: 0.0008864040551740153
2026-04-15 21:23:08 - train: epoch 12, iter:340, loss: 0.2441, lr: 0.0008864040551740153
2026-04-15 21:23:09 - train: epoch 12, iter:360, loss: 0.2448, lr: 0.0008864040551740153
2026-04-15 21:23:18 - val epoch: 12, loss: 0.2574, miou: 0.7010848288487999, f1_or_dsc: 0.8242796796009936, accuracy: 0.9749805068969727,                 specificity: 0.982771026189739, sensitivity: 0.867590261421984, confusion_matrix: [[24020229   421099]
 [  234772  1538300]]
2026-04-15 21:23:18 - Best model saved at epoch 12 with loss 0.2574
2026-04-15 21:23:18 - train: epoch 13, iter:0, loss: 0.1854, lr: 0.0008658394705735984
2026-04-15 21:23:19 - train: epoch 13, iter:20, loss: 0.2508, lr: 0.0008658394705735984
2026-04-15 21:23:20 - train: epoch 13, iter:40, loss: 0.2670, lr: 0.0008658394705735984
2026-04-15 21:23:22 - train: epoch 13, iter:60, loss: 0.2588, lr: 0.0008658394705735984
2026-04-15 21:23:23 - train: epoch 13, iter:80, loss: 0.2478, lr: 0.0008658394705735984
2026-04-15 21:23:24 - train: epoch 13, iter:100, loss: 0.2499, lr: 0.0008658394705735984
2026-04-15 21:23:25 - train: epoch 13, iter:120, loss: 0.2449, lr: 0.0008658394705735984
2026-04-15 21:23:26 - train: epoch 13, iter:140, loss: 0.2389, lr: 0.0008658394705735984
2026-04-15 21:23:27 - train: epoch 13, iter:160, loss: 0.2371, lr: 0.0008658394705735984
2026-04-15 21:23:28 - train: epoch 13, iter:180, loss: 0.2358, lr: 0.0008658394705735984
2026-04-15 21:23:29 - train: epoch 13, iter:200, loss: 0.2404, lr: 0.0008658394705735984
2026-04-15 21:23:30 - train: epoch 13, iter:220, loss: 0.2406, lr: 0.0008658394705735984
2026-04-15 21:23:31 - train: epoch 13, iter:240, loss: 0.2408, lr: 0.0008658394705735984
2026-04-15 21:23:32 - train: epoch 13, iter:260, loss: 0.2446, lr: 0.0008658394705735984
2026-04-15 21:23:33 - train: epoch 13, iter:280, loss: 0.2434, lr: 0.0008658394705735984
2026-04-15 21:23:34 - train: epoch 13, iter:300, loss: 0.2432, lr: 0.0008658394705735984
2026-04-15 21:23:35 - train: epoch 13, iter:320, loss: 0.2432, lr: 0.0008658394705735984
2026-04-15 21:23:36 - train: epoch 13, iter:340, loss: 0.2415, lr: 0.0008658394705735984
2026-04-15 21:23:37 - train: epoch 13, iter:360, loss: 0.2440, lr: 0.0008658394705735984
2026-04-15 21:23:42 - val epoch: 13, loss: 0.3458
2026-04-15 21:23:43 - train: epoch 14, iter:0, loss: 0.3560, lr: 0.0008438508174347006
2026-04-15 21:23:44 - train: epoch 14, iter:20, loss: 0.2288, lr: 0.0008438508174347006
2026-04-15 21:23:45 - train: epoch 14, iter:40, loss: 0.2386, lr: 0.0008438508174347006
2026-04-15 21:23:46 - train: epoch 14, iter:60, loss: 0.2351, lr: 0.0008438508174347006
2026-04-15 21:23:47 - train: epoch 14, iter:80, loss: 0.2366, lr: 0.0008438508174347006
2026-04-15 21:23:48 - train: epoch 14, iter:100, loss: 0.2339, lr: 0.0008438508174347006
2026-04-15 21:23:49 - train: epoch 14, iter:120, loss: 0.2321, lr: 0.0008438508174347006
2026-04-15 21:23:50 - train: epoch 14, iter:140, loss: 0.2389, lr: 0.0008438508174347006
2026-04-15 21:23:51 - train: epoch 14, iter:160, loss: 0.2452, lr: 0.0008438508174347006
2026-04-15 21:23:52 - train: epoch 14, iter:180, loss: 0.2473, lr: 0.0008438508174347006
2026-04-15 21:23:53 - train: epoch 14, iter:200, loss: 0.2506, lr: 0.0008438508174347006
2026-04-15 21:23:54 - train: epoch 14, iter:220, loss: 0.2488, lr: 0.0008438508174347006
2026-04-15 21:23:55 - train: epoch 14, iter:240, loss: 0.2488, lr: 0.0008438508174347006
2026-04-15 21:23:56 - train: epoch 14, iter:260, loss: 0.2449, lr: 0.0008438508174347006
2026-04-15 21:23:57 - train: epoch 14, iter:280, loss: 0.2437, lr: 0.0008438508174347006
2026-04-15 21:23:58 - train: epoch 14, iter:300, loss: 0.2422, lr: 0.0008438508174347006
2026-04-15 21:23:59 - train: epoch 14, iter:320, loss: 0.2412, lr: 0.0008438508174347006
2026-04-15 21:24:00 - train: epoch 14, iter:340, loss: 0.2405, lr: 0.0008438508174347006
2026-04-15 21:24:01 - train: epoch 14, iter:360, loss: 0.2406, lr: 0.0008438508174347006
2026-04-15 21:24:10 - val epoch: 14, loss: 0.2400, miou: 0.7141618688733337, f1_or_dsc: 0.8332490435605484, accuracy: 0.9759891128540039,                 specificity: 0.9824484987067805, sensitivity: 0.8869481893572286, confusion_matrix: [[24012346   428982]
 [  200449  1572623]]
2026-04-15 21:24:10 - Best model saved at epoch 14 with loss 0.2400
2026-04-15 21:24:11 - train: epoch 15, iter:0, loss: 0.1082, lr: 0.000820524874925601
2026-04-15 21:24:12 - train: epoch 15, iter:20, loss: 0.2299, lr: 0.000820524874925601
2026-04-15 21:24:13 - train: epoch 15, iter:40, loss: 0.2103, lr: 0.000820524874925601
2026-04-15 21:24:14 - train: epoch 15, iter:60, loss: 0.2109, lr: 0.000820524874925601
2026-04-15 21:24:15 - train: epoch 15, iter:80, loss: 0.2145, lr: 0.000820524874925601
2026-04-15 21:24:16 - train: epoch 15, iter:100, loss: 0.2142, lr: 0.000820524874925601
2026-04-15 21:24:17 - train: epoch 15, iter:120, loss: 0.2164, lr: 0.000820524874925601
2026-04-15 21:24:18 - train: epoch 15, iter:140, loss: 0.2195, lr: 0.000820524874925601
2026-04-15 21:24:19 - train: epoch 15, iter:160, loss: 0.2196, lr: 0.000820524874925601
2026-04-15 21:24:20 - train: epoch 15, iter:180, loss: 0.2248, lr: 0.000820524874925601
2026-04-15 21:24:21 - train: epoch 15, iter:200, loss: 0.2265, lr: 0.000820524874925601
2026-04-15 21:24:22 - train: epoch 15, iter:220, loss: 0.2293, lr: 0.000820524874925601
2026-04-15 21:24:23 - train: epoch 15, iter:240, loss: 0.2304, lr: 0.000820524874925601
2026-04-15 21:24:24 - train: epoch 15, iter:260, loss: 0.2342, lr: 0.000820524874925601
2026-04-15 21:24:25 - train: epoch 15, iter:280, loss: 0.2331, lr: 0.000820524874925601
2026-04-15 21:24:26 - train: epoch 15, iter:300, loss: 0.2329, lr: 0.000820524874925601
2026-04-15 21:24:28 - train: epoch 15, iter:320, loss: 0.2326, lr: 0.000820524874925601
2026-04-15 21:24:29 - train: epoch 15, iter:340, loss: 0.2331, lr: 0.000820524874925601
2026-04-15 21:24:30 - train: epoch 15, iter:360, loss: 0.2340, lr: 0.000820524874925601
2026-04-15 21:24:35 - val epoch: 15, loss: 0.2753
2026-04-15 21:24:36 - train: epoch 16, iter:0, loss: 0.1780, lr: 0.000795953699884774
2026-04-15 21:24:37 - train: epoch 16, iter:20, loss: 0.1972, lr: 0.000795953699884774
2026-04-15 21:24:38 - train: epoch 16, iter:40, loss: 0.2191, lr: 0.000795953699884774
2026-04-15 21:24:39 - train: epoch 16, iter:60, loss: 0.2198, lr: 0.000795953699884774
2026-04-15 21:24:40 - train: epoch 16, iter:80, loss: 0.2336, lr: 0.000795953699884774
2026-04-15 21:24:41 - train: epoch 16, iter:100, loss: 0.2404, lr: 0.000795953699884774
2026-04-15 21:24:42 - train: epoch 16, iter:120, loss: 0.2354, lr: 0.000795953699884774
2026-04-15 21:24:43 - train: epoch 16, iter:140, loss: 0.2360, lr: 0.000795953699884774
2026-04-15 21:24:44 - train: epoch 16, iter:160, loss: 0.2384, lr: 0.000795953699884774
2026-04-15 21:24:45 - train: epoch 16, iter:180, loss: 0.2379, lr: 0.000795953699884774
2026-04-15 21:24:46 - train: epoch 16, iter:200, loss: 0.2381, lr: 0.000795953699884774
2026-04-15 21:24:47 - train: epoch 16, iter:220, loss: 0.2375, lr: 0.000795953699884774
2026-04-15 21:24:48 - train: epoch 16, iter:240, loss: 0.2346, lr: 0.000795953699884774
2026-04-15 21:24:49 - train: epoch 16, iter:260, loss: 0.2338, lr: 0.000795953699884774
2026-04-15 21:24:50 - train: epoch 16, iter:280, loss: 0.2319, lr: 0.000795953699884774
2026-04-15 21:24:51 - train: epoch 16, iter:300, loss: 0.2318, lr: 0.000795953699884774
2026-04-15 21:24:52 - train: epoch 16, iter:320, loss: 0.2321, lr: 0.000795953699884774
2026-04-15 21:24:53 - train: epoch 16, iter:340, loss: 0.2322, lr: 0.000795953699884774
2026-04-15 21:24:54 - train: epoch 16, iter:360, loss: 0.2306, lr: 0.000795953699884774
2026-04-15 21:25:03 - val epoch: 16, loss: 0.2048, miou: 0.7599960605652375, f1_or_dsc: 0.8636338200906636, accuracy: 0.9820583724975586,                 specificity: 0.9923653902930315, sensitivity: 0.8399788615465136, confusion_matrix: [[24254728   186600]
 [  283729  1489343]]
2026-04-15 21:25:03 - Best model saved at epoch 16 with loss 0.2048
2026-04-15 21:25:04 - train: epoch 17, iter:0, loss: 0.1825, lr: 0.000770234263514603
2026-04-15 21:25:05 - train: epoch 17, iter:20, loss: 0.2119, lr: 0.000770234263514603
2026-04-15 21:25:06 - train: epoch 17, iter:40, loss: 0.2068, lr: 0.000770234263514603
2026-04-15 21:25:07 - train: epoch 17, iter:60, loss: 0.2188, lr: 0.000770234263514603
2026-04-15 21:25:08 - train: epoch 17, iter:80, loss: 0.2406, lr: 0.000770234263514603
2026-04-15 21:25:09 - train: epoch 17, iter:100, loss: 0.2378, lr: 0.000770234263514603
2026-04-15 21:25:10 - train: epoch 17, iter:120, loss: 0.2353, lr: 0.000770234263514603
2026-04-15 21:25:11 - train: epoch 17, iter:140, loss: 0.2346, lr: 0.000770234263514603
2026-04-15 21:25:12 - train: epoch 17, iter:160, loss: 0.2315, lr: 0.000770234263514603
2026-04-15 21:25:13 - train: epoch 17, iter:180, loss: 0.2315, lr: 0.000770234263514603
2026-04-15 21:25:15 - train: epoch 17, iter:200, loss: 0.2337, lr: 0.000770234263514603
2026-04-15 21:25:16 - train: epoch 17, iter:220, loss: 0.2328, lr: 0.000770234263514603
2026-04-15 21:25:17 - train: epoch 17, iter:240, loss: 0.2326, lr: 0.000770234263514603
2026-04-15 21:25:18 - train: epoch 17, iter:260, loss: 0.2317, lr: 0.000770234263514603
2026-04-15 21:25:19 - train: epoch 17, iter:280, loss: 0.2314, lr: 0.000770234263514603
2026-04-15 21:25:20 - train: epoch 17, iter:300, loss: 0.2306, lr: 0.000770234263514603
2026-04-15 21:25:21 - train: epoch 17, iter:320, loss: 0.2300, lr: 0.000770234263514603
2026-04-15 21:25:22 - train: epoch 17, iter:340, loss: 0.2291, lr: 0.000770234263514603
2026-04-15 21:25:23 - train: epoch 17, iter:360, loss: 0.2277, lr: 0.000770234263514603
2026-04-15 21:25:28 - val epoch: 17, loss: 0.2151
2026-04-15 21:25:29 - train: epoch 18, iter:0, loss: 0.2021, lr: 0.0007434680686803488
2026-04-15 21:25:30 - train: epoch 18, iter:20, loss: 0.2583, lr: 0.0007434680686803488
2026-04-15 21:25:31 - train: epoch 18, iter:40, loss: 0.2406, lr: 0.0007434680686803488
2026-04-15 21:25:32 - train: epoch 18, iter:60, loss: 0.2227, lr: 0.0007434680686803488
2026-04-15 21:25:33 - train: epoch 18, iter:80, loss: 0.2293, lr: 0.0007434680686803488
2026-04-15 21:25:34 - train: epoch 18, iter:100, loss: 0.2230, lr: 0.0007434680686803488
2026-04-15 21:25:35 - train: epoch 18, iter:120, loss: 0.2193, lr: 0.0007434680686803488
2026-04-15 21:25:36 - train: epoch 18, iter:140, loss: 0.2217, lr: 0.0007434680686803488
2026-04-15 21:25:37 - train: epoch 18, iter:160, loss: 0.2207, lr: 0.0007434680686803488
2026-04-15 21:25:38 - train: epoch 18, iter:180, loss: 0.2192, lr: 0.0007434680686803488
2026-04-15 21:25:39 - train: epoch 18, iter:200, loss: 0.2254, lr: 0.0007434680686803488
2026-04-15 21:25:40 - train: epoch 18, iter:220, loss: 0.2286, lr: 0.0007434680686803488
2026-04-15 21:25:41 - train: epoch 18, iter:240, loss: 0.2278, lr: 0.0007434680686803488
2026-04-15 21:25:42 - train: epoch 18, iter:260, loss: 0.2281, lr: 0.0007434680686803488
2026-04-15 21:25:43 - train: epoch 18, iter:280, loss: 0.2286, lr: 0.0007434680686803488
2026-04-15 21:25:44 - train: epoch 18, iter:300, loss: 0.2301, lr: 0.0007434680686803488
2026-04-15 21:25:45 - train: epoch 18, iter:320, loss: 0.2315, lr: 0.0007434680686803488
2026-04-15 21:25:46 - train: epoch 18, iter:340, loss: 0.2343, lr: 0.0007434680686803488
2026-04-15 21:25:47 - train: epoch 18, iter:360, loss: 0.2325, lr: 0.0007434680686803488
2026-04-15 21:25:57 - val epoch: 18, loss: 0.2112, miou: 0.7443741399779087, f1_or_dsc: 0.8534569768241757, accuracy: 0.9801718139648438,                 specificity: 0.9893497603730861, sensitivity: 0.8536562531019609, confusion_matrix: [[24181022   260306]
 [  259478  1513594]]
2026-04-15 21:25:57 - train: epoch 19, iter:0, loss: 0.5277, lr: 0.0007157607493247108
2026-04-15 21:25:58 - train: epoch 19, iter:20, loss: 0.2426, lr: 0.0007157607493247108
2026-04-15 21:25:59 - train: epoch 19, iter:40, loss: 0.2342, lr: 0.0007157607493247108
2026-04-15 21:26:01 - train: epoch 19, iter:60, loss: 0.2233, lr: 0.0007157607493247108
2026-04-15 21:26:02 - train: epoch 19, iter:80, loss: 0.2225, lr: 0.0007157607493247108
2026-04-15 21:26:03 - train: epoch 19, iter:100, loss: 0.2264, lr: 0.0007157607493247108
2026-04-15 21:26:04 - train: epoch 19, iter:120, loss: 0.2274, lr: 0.0007157607493247108
2026-04-15 21:26:05 - train: epoch 19, iter:140, loss: 0.2299, lr: 0.0007157607493247108
2026-04-15 21:26:06 - train: epoch 19, iter:160, loss: 0.2270, lr: 0.0007157607493247108
2026-04-15 21:26:07 - train: epoch 19, iter:180, loss: 0.2240, lr: 0.0007157607493247108
2026-04-15 21:26:08 - train: epoch 19, iter:200, loss: 0.2216, lr: 0.0007157607493247108
2026-04-15 21:26:09 - train: epoch 19, iter:220, loss: 0.2215, lr: 0.0007157607493247108
2026-04-15 21:26:10 - train: epoch 19, iter:240, loss: 0.2215, lr: 0.0007157607493247108
2026-04-15 21:26:11 - train: epoch 19, iter:260, loss: 0.2235, lr: 0.0007157607493247108
2026-04-15 21:26:12 - train: epoch 19, iter:280, loss: 0.2221, lr: 0.0007157607493247108
2026-04-15 21:26:13 - train: epoch 19, iter:300, loss: 0.2222, lr: 0.0007157607493247108
2026-04-15 21:26:14 - train: epoch 19, iter:320, loss: 0.2221, lr: 0.0007157607493247108
2026-04-15 21:26:15 - train: epoch 19, iter:340, loss: 0.2205, lr: 0.0007157607493247108
2026-04-15 21:26:16 - train: epoch 19, iter:360, loss: 0.2198, lr: 0.0007157607493247108
2026-04-15 21:26:21 - val epoch: 19, loss: 0.2036
2026-04-15 21:26:21 - Best model saved at epoch 19 with loss 0.2036
2026-04-15 21:26:22 - train: epoch 20, iter:0, loss: 0.1989, lr: 0.0006872216535789154
2026-04-15 21:26:23 - train: epoch 20, iter:20, loss: 0.2237, lr: 0.0006872216535789154
2026-04-15 21:26:24 - train: epoch 20, iter:40, loss: 0.2162, lr: 0.0006872216535789154
2026-04-15 21:26:25 - train: epoch 20, iter:60, loss: 0.2317, lr: 0.0006872216535789154
2026-04-15 21:26:26 - train: epoch 20, iter:80, loss: 0.2325, lr: 0.0006872216535789154
2026-04-15 21:26:27 - train: epoch 20, iter:100, loss: 0.2464, lr: 0.0006872216535789154
2026-04-15 21:26:28 - train: epoch 20, iter:120, loss: 0.2406, lr: 0.0006872216535789154
2026-04-15 21:26:29 - train: epoch 20, iter:140, loss: 0.2387, lr: 0.0006872216535789154
2026-04-15 21:26:30 - train: epoch 20, iter:160, loss: 0.2324, lr: 0.0006872216535789154
2026-04-15 21:26:31 - train: epoch 20, iter:180, loss: 0.2311, lr: 0.0006872216535789154
2026-04-15 21:26:33 - train: epoch 20, iter:200, loss: 0.2309, lr: 0.0006872216535789154
2026-04-15 21:26:34 - train: epoch 20, iter:220, loss: 0.2284, lr: 0.0006872216535789154
2026-04-15 21:26:35 - train: epoch 20, iter:240, loss: 0.2267, lr: 0.0006872216535789154
2026-04-15 21:26:36 - train: epoch 20, iter:260, loss: 0.2272, lr: 0.0006872216535789154
2026-04-15 21:26:37 - train: epoch 20, iter:280, loss: 0.2281, lr: 0.0006872216535789154
2026-04-15 21:26:38 - train: epoch 20, iter:300, loss: 0.2273, lr: 0.0006872216535789154
2026-04-15 21:26:39 - train: epoch 20, iter:320, loss: 0.2266, lr: 0.0006872216535789154
2026-04-15 21:26:40 - train: epoch 20, iter:340, loss: 0.2255, lr: 0.0006872216535789154
2026-04-15 21:26:41 - train: epoch 20, iter:360, loss: 0.2248, lr: 0.0006872216535789154
2026-04-15 21:26:50 - val epoch: 20, loss: 0.2167, miou: 0.733892975331603, f1_or_dsc: 0.8465262686599762, accuracy: 0.9785552215576172,                 specificity: 0.9861108610792343, sensitivity: 0.8744027315303609, confusion_matrix: [[24101859   339469]
 [  222693  1550379]]
2026-04-15 21:26:50 - train: epoch 21, iter:0, loss: 0.1503, lr: 0.0006579634122155987
2026-04-15 21:26:52 - train: epoch 21, iter:20, loss: 0.1881, lr: 0.0006579634122155987
2026-04-15 21:26:53 - train: epoch 21, iter:40, loss: 0.2054, lr: 0.0006579634122155987
2026-04-15 21:26:54 - train: epoch 21, iter:60, loss: 0.1993, lr: 0.0006579634122155987
2026-04-15 21:26:55 - train: epoch 21, iter:80, loss: 0.2022, lr: 0.0006579634122155987
2026-04-15 21:26:56 - train: epoch 21, iter:100, loss: 0.1995, lr: 0.0006579634122155987
2026-04-15 21:26:57 - train: epoch 21, iter:120, loss: 0.1994, lr: 0.0006579634122155987
2026-04-15 21:26:58 - train: epoch 21, iter:140, loss: 0.2026, lr: 0.0006579634122155987
2026-04-15 21:26:59 - train: epoch 21, iter:160, loss: 0.2066, lr: 0.0006579634122155987
2026-04-15 21:27:00 - train: epoch 21, iter:180, loss: 0.2091, lr: 0.0006579634122155987
2026-04-15 21:27:01 - train: epoch 21, iter:200, loss: 0.2123, lr: 0.0006579634122155987
2026-04-15 21:27:02 - train: epoch 21, iter:220, loss: 0.2148, lr: 0.0006579634122155987
2026-04-15 21:27:03 - train: epoch 21, iter:240, loss: 0.2153, lr: 0.0006579634122155987
2026-04-15 21:27:04 - train: epoch 21, iter:260, loss: 0.2156, lr: 0.0006579634122155987
2026-04-15 21:27:05 - train: epoch 21, iter:280, loss: 0.2157, lr: 0.0006579634122155987
2026-04-15 21:27:06 - train: epoch 21, iter:300, loss: 0.2156, lr: 0.0006579634122155987
2026-04-15 21:27:07 - train: epoch 21, iter:320, loss: 0.2148, lr: 0.0006579634122155987
2026-04-15 21:27:08 - train: epoch 21, iter:340, loss: 0.2162, lr: 0.0006579634122155987
2026-04-15 21:27:09 - train: epoch 21, iter:360, loss: 0.2156, lr: 0.0006579634122155987
2026-04-15 21:27:14 - val epoch: 21, loss: 0.2014
2026-04-15 21:27:14 - Best model saved at epoch 21 with loss 0.2014
2026-04-15 21:27:15 - train: epoch 22, iter:0, loss: 0.3702, lr: 0.0006281014941466028
2026-04-15 21:27:16 - train: epoch 22, iter:20, loss: 0.2343, lr: 0.0006281014941466028
2026-04-15 21:27:17 - train: epoch 22, iter:40, loss: 0.2141, lr: 0.0006281014941466028
2026-04-15 21:27:19 - train: epoch 22, iter:60, loss: 0.2058, lr: 0.0006281014941466028
2026-04-15 21:27:20 - train: epoch 22, iter:80, loss: 0.2040, lr: 0.0006281014941466028
2026-04-15 21:27:21 - train: epoch 22, iter:100, loss: 0.1987, lr: 0.0006281014941466028
2026-04-15 21:27:22 - train: epoch 22, iter:120, loss: 0.1961, lr: 0.0006281014941466028
2026-04-15 21:27:23 - train: epoch 22, iter:140, loss: 0.1976, lr: 0.0006281014941466028
2026-04-15 21:27:24 - train: epoch 22, iter:160, loss: 0.2007, lr: 0.0006281014941466028
2026-04-15 21:27:25 - train: epoch 22, iter:180, loss: 0.2035, lr: 0.0006281014941466028
2026-04-15 21:27:26 - train: epoch 22, iter:200, loss: 0.2067, lr: 0.0006281014941466028
2026-04-15 21:27:27 - train: epoch 22, iter:220, loss: 0.2071, lr: 0.0006281014941466028
2026-04-15 21:27:28 - train: epoch 22, iter:240, loss: 0.2100, lr: 0.0006281014941466028
2026-04-15 21:27:29 - train: epoch 22, iter:260, loss: 0.2122, lr: 0.0006281014941466028
2026-04-15 21:27:30 - train: epoch 22, iter:280, loss: 0.2132, lr: 0.0006281014941466028
2026-04-15 21:27:31 - train: epoch 22, iter:300, loss: 0.2137, lr: 0.0006281014941466028
2026-04-15 21:27:32 - train: epoch 22, iter:320, loss: 0.2156, lr: 0.0006281014941466028
2026-04-15 21:27:33 - train: epoch 22, iter:340, loss: 0.2164, lr: 0.0006281014941466028
2026-04-15 21:27:34 - train: epoch 22, iter:360, loss: 0.2159, lr: 0.0006281014941466028
2026-04-15 21:27:43 - val epoch: 22, loss: 0.2315, miou: 0.7446553504594515, f1_or_dsc: 0.8536417811842872, accuracy: 0.9792107391357422,                 specificity: 0.9852212612997133, sensitivity: 0.8963572827273794, confusion_matrix: [[24080116   361212]
 [  183766  1589306]]
2026-04-15 21:27:44 - train: epoch 23, iter:0, loss: 0.1127, lr: 0.0005977537507199335
2026-04-15 21:27:45 - train: epoch 23, iter:20, loss: 0.1944, lr: 0.0005977537507199335
2026-04-15 21:27:46 - train: epoch 23, iter:40, loss: 0.2032, lr: 0.0005977537507199335
2026-04-15 21:27:47 - train: epoch 23, iter:60, loss: 0.2060, lr: 0.0005977537507199335
2026-04-15 21:27:48 - train: epoch 23, iter:80, loss: 0.2119, lr: 0.0005977537507199335
2026-04-15 21:27:49 - train: epoch 23, iter:100, loss: 0.2162, lr: 0.0005977537507199335
2026-04-15 21:27:50 - train: epoch 23, iter:120, loss: 0.2121, lr: 0.0005977537507199335
2026-04-15 21:27:51 - train: epoch 23, iter:140, loss: 0.2189, lr: 0.0005977537507199335
2026-04-15 21:27:52 - train: epoch 23, iter:160, loss: 0.2220, lr: 0.0005977537507199335
2026-04-15 21:27:53 - train: epoch 23, iter:180, loss: 0.2248, lr: 0.0005977537507199335
2026-04-15 21:27:54 - train: epoch 23, iter:200, loss: 0.2212, lr: 0.0005977537507199335
2026-04-15 21:27:55 - train: epoch 23, iter:220, loss: 0.2214, lr: 0.0005977537507199335
2026-04-15 21:27:56 - train: epoch 23, iter:240, loss: 0.2190, lr: 0.0005977537507199335
2026-04-15 21:27:57 - train: epoch 23, iter:260, loss: 0.2184, lr: 0.0005977537507199335
2026-04-15 21:27:58 - train: epoch 23, iter:280, loss: 0.2192, lr: 0.0005977537507199335
2026-04-15 21:27:59 - train: epoch 23, iter:300, loss: 0.2178, lr: 0.0005977537507199335
2026-04-15 21:28:00 - train: epoch 23, iter:320, loss: 0.2172, lr: 0.0005977537507199335
2026-04-15 21:28:01 - train: epoch 23, iter:340, loss: 0.2165, lr: 0.0005977537507199335
2026-04-15 21:28:02 - train: epoch 23, iter:360, loss: 0.2145, lr: 0.0005977537507199335
2026-04-15 21:28:08 - val epoch: 23, loss: 0.1980
2026-04-15 21:28:08 - Best model saved at epoch 23 with loss 0.1980
2026-04-15 21:28:08 - train: epoch 24, iter:0, loss: 0.2243, lr: 0.0005670399506143305
2026-04-15 21:28:09 - train: epoch 24, iter:20, loss: 0.2536, lr: 0.0005670399506143305
2026-04-15 21:28:10 - train: epoch 24, iter:40, loss: 0.2201, lr: 0.0005670399506143305
2026-04-15 21:28:12 - train: epoch 24, iter:60, loss: 0.2174, lr: 0.0005670399506143305
2026-04-15 21:28:13 - train: epoch 24, iter:80, loss: 0.2209, lr: 0.0005670399506143305
2026-04-15 21:28:14 - train: epoch 24, iter:100, loss: 0.2194, lr: 0.0005670399506143305
2026-04-15 21:28:15 - train: epoch 24, iter:120, loss: 0.2163, lr: 0.0005670399506143305
2026-04-15 21:28:16 - train: epoch 24, iter:140, loss: 0.2159, lr: 0.0005670399506143305
2026-04-15 21:28:17 - train: epoch 24, iter:160, loss: 0.2122, lr: 0.0005670399506143305
2026-04-15 21:28:18 - train: epoch 24, iter:180, loss: 0.2153, lr: 0.0005670399506143305
2026-04-15 21:28:18 - train: epoch 24, iter:200, loss: 0.2159, lr: 0.0005670399506143305
2026-04-15 21:28:19 - train: epoch 24, iter:220, loss: 0.2175, lr: 0.0005670399506143305
2026-04-15 21:28:20 - train: epoch 24, iter:240, loss: 0.2170, lr: 0.0005670399506143305
2026-04-15 21:28:21 - train: epoch 24, iter:260, loss: 0.2164, lr: 0.0005670399506143305
2026-04-15 21:28:22 - train: epoch 24, iter:280, loss: 0.2162, lr: 0.0005670399506143305
2026-04-15 21:28:23 - train: epoch 24, iter:300, loss: 0.2145, lr: 0.0005670399506143305
2026-04-15 21:28:24 - train: epoch 24, iter:320, loss: 0.2133, lr: 0.0005670399506143305
2026-04-15 21:28:25 - train: epoch 24, iter:340, loss: 0.2141, lr: 0.0005670399506143305
2026-04-15 21:28:26 - train: epoch 24, iter:360, loss: 0.2136, lr: 0.0005670399506143305
2026-04-15 21:28:35 - val epoch: 24, loss: 0.1923, miou: 0.7670299181239165, f1_or_dsc: 0.8681572510535467, accuracy: 0.9829337310791015,                 specificity: 0.993974590906026, sensitivity: 0.830738402050227, confusion_matrix: [[24294059   147269]
 [  300113  1472959]]
2026-04-15 21:28:35 - Best model saved at epoch 24 with loss 0.1923
2026-04-15 21:28:36 - train: epoch 25, iter:0, loss: 0.3001, lr: 0.0005360813071670099
2026-04-15 21:28:37 - train: epoch 25, iter:20, loss: 0.1939, lr: 0.0005360813071670099
2026-04-15 21:28:38 - train: epoch 25, iter:40, loss: 0.2079, lr: 0.0005360813071670099
2026-04-15 21:28:39 - train: epoch 25, iter:60, loss: 0.2090, lr: 0.0005360813071670099
2026-04-15 21:28:40 - train: epoch 25, iter:80, loss: 0.2064, lr: 0.0005360813071670099
2026-04-15 21:28:41 - train: epoch 25, iter:100, loss: 0.2061, lr: 0.0005360813071670099
2026-04-15 21:28:42 - train: epoch 25, iter:120, loss: 0.2059, lr: 0.0005360813071670099
2026-04-15 21:28:43 - train: epoch 25, iter:140, loss: 0.2087, lr: 0.0005360813071670099
2026-04-15 21:28:44 - train: epoch 25, iter:160, loss: 0.2104, lr: 0.0005360813071670099
2026-04-15 21:28:45 - train: epoch 25, iter:180, loss: 0.2102, lr: 0.0005360813071670099
2026-04-15 21:28:46 - train: epoch 25, iter:200, loss: 0.2104, lr: 0.0005360813071670099
2026-04-15 21:28:47 - train: epoch 25, iter:220, loss: 0.2107, lr: 0.0005360813071670099
2026-04-15 21:28:48 - train: epoch 25, iter:240, loss: 0.2111, lr: 0.0005360813071670099
2026-04-15 21:28:49 - train: epoch 25, iter:260, loss: 0.2115, lr: 0.0005360813071670099
2026-04-15 21:28:51 - train: epoch 25, iter:280, loss: 0.2114, lr: 0.0005360813071670099
2026-04-15 21:28:51 - train: epoch 25, iter:300, loss: 0.2115, lr: 0.0005360813071670099
2026-04-15 21:28:53 - train: epoch 25, iter:320, loss: 0.2124, lr: 0.0005360813071670099
2026-04-15 21:28:54 - train: epoch 25, iter:340, loss: 0.2123, lr: 0.0005360813071670099
2026-04-15 21:28:55 - train: epoch 25, iter:360, loss: 0.2118, lr: 0.0005360813071670099
2026-04-15 21:29:00 - val epoch: 25, loss: 0.1884
2026-04-15 21:29:00 - Best model saved at epoch 25 with loss 0.1884
2026-04-15 21:29:01 - train: epoch 26, iter:0, loss: 0.1814, lr: 0.0005049999999999998
2026-04-15 21:29:02 - train: epoch 26, iter:20, loss: 0.2112, lr: 0.0005049999999999998
2026-04-15 21:29:03 - train: epoch 26, iter:40, loss: 0.2222, lr: 0.0005049999999999998
2026-04-15 21:29:04 - train: epoch 26, iter:60, loss: 0.2157, lr: 0.0005049999999999998
2026-04-15 21:29:05 - train: epoch 26, iter:80, loss: 0.2126, lr: 0.0005049999999999998
2026-04-15 21:29:06 - train: epoch 26, iter:100, loss: 0.2111, lr: 0.0005049999999999998
2026-04-15 21:29:07 - train: epoch 26, iter:120, loss: 0.2087, lr: 0.0005049999999999998
2026-04-15 21:29:08 - train: epoch 26, iter:140, loss: 0.2066, lr: 0.0005049999999999998
2026-04-15 21:29:09 - train: epoch 26, iter:160, loss: 0.2098, lr: 0.0005049999999999998
2026-04-15 21:29:10 - train: epoch 26, iter:180, loss: 0.2070, lr: 0.0005049999999999998
2026-04-15 21:29:11 - train: epoch 26, iter:200, loss: 0.2091, lr: 0.0005049999999999998
2026-04-15 21:29:12 - train: epoch 26, iter:220, loss: 0.2087, lr: 0.0005049999999999998
2026-04-15 21:29:13 - train: epoch 26, iter:240, loss: 0.2099, lr: 0.0005049999999999998
2026-04-15 21:29:14 - train: epoch 26, iter:260, loss: 0.2076, lr: 0.0005049999999999998
2026-04-15 21:29:15 - train: epoch 26, iter:280, loss: 0.2081, lr: 0.0005049999999999998
2026-04-15 21:29:16 - train: epoch 26, iter:300, loss: 0.2061, lr: 0.0005049999999999998
2026-04-15 21:29:17 - train: epoch 26, iter:320, loss: 0.2075, lr: 0.0005049999999999998
2026-04-15 21:29:18 - train: epoch 26, iter:340, loss: 0.2074, lr: 0.0005049999999999998
2026-04-15 21:29:19 - train: epoch 26, iter:360, loss: 0.2066, lr: 0.0005049999999999998
2026-04-15 21:29:29 - val epoch: 26, loss: 0.1850, miou: 0.7753547121030417, f1_or_dsc: 0.8734645609885762, accuracy: 0.9834932708740234,                 specificity: 0.9937344648375899, sensitivity: 0.8423211240152684, confusion_matrix: [[24288190   153138]
 [  279576  1493496]]
2026-04-15 21:29:29 - Best model saved at epoch 26 with loss 0.1850
2026-04-15 21:29:29 - train: epoch 27, iter:0, loss: 0.1324, lr: 0.0004739186928329897
2026-04-15 21:29:30 - train: epoch 27, iter:20, loss: 0.2058, lr: 0.0004739186928329897
2026-04-15 21:29:31 - train: epoch 27, iter:40, loss: 0.2068, lr: 0.0004739186928329897
2026-04-15 21:29:32 - train: epoch 27, iter:60, loss: 0.2025, lr: 0.0004739186928329897
2026-04-15 21:29:33 - train: epoch 27, iter:80, loss: 0.1991, lr: 0.0004739186928329897
2026-04-15 21:29:34 - train: epoch 27, iter:100, loss: 0.1999, lr: 0.0004739186928329897
2026-04-15 21:29:35 - train: epoch 27, iter:120, loss: 0.2034, lr: 0.0004739186928329897
2026-04-15 21:29:36 - train: epoch 27, iter:140, loss: 0.2025, lr: 0.0004739186928329897
2026-04-15 21:29:38 - train: epoch 27, iter:160, loss: 0.2029, lr: 0.0004739186928329897
2026-04-15 21:29:39 - train: epoch 27, iter:180, loss: 0.2016, lr: 0.0004739186928329897
2026-04-15 21:29:40 - train: epoch 27, iter:200, loss: 0.2060, lr: 0.0004739186928329897
2026-04-15 21:29:41 - train: epoch 27, iter:220, loss: 0.2062, lr: 0.0004739186928329897
2026-04-15 21:29:42 - train: epoch 27, iter:240, loss: 0.2065, lr: 0.0004739186928329897
2026-04-15 21:29:43 - train: epoch 27, iter:260, loss: 0.2061, lr: 0.0004739186928329897
2026-04-15 21:29:44 - train: epoch 27, iter:280, loss: 0.2041, lr: 0.0004739186928329897
2026-04-15 21:29:45 - train: epoch 27, iter:300, loss: 0.2043, lr: 0.0004739186928329897
2026-04-15 21:29:46 - train: epoch 27, iter:320, loss: 0.2052, lr: 0.0004739186928329897
2026-04-15 21:29:47 - train: epoch 27, iter:340, loss: 0.2046, lr: 0.0004739186928329897
2026-04-15 21:29:48 - train: epoch 27, iter:360, loss: 0.2061, lr: 0.0004739186928329897
2026-04-15 21:29:53 - val epoch: 27, loss: 0.1996
2026-04-15 21:29:54 - train: epoch 28, iter:0, loss: 0.1672, lr: 0.0004429600493856692
2026-04-15 21:29:55 - train: epoch 28, iter:20, loss: 0.1860, lr: 0.0004429600493856692
2026-04-15 21:29:56 - train: epoch 28, iter:40, loss: 0.1929, lr: 0.0004429600493856692
2026-04-15 21:29:57 - train: epoch 28, iter:60, loss: 0.1956, lr: 0.0004429600493856692
2026-04-15 21:29:58 - train: epoch 28, iter:80, loss: 0.1960, lr: 0.0004429600493856692
2026-04-15 21:29:59 - train: epoch 28, iter:100, loss: 0.1955, lr: 0.0004429600493856692
2026-04-15 21:30:00 - train: epoch 28, iter:120, loss: 0.1973, lr: 0.0004429600493856692
2026-04-15 21:30:01 - train: epoch 28, iter:140, loss: 0.1995, lr: 0.0004429600493856692
2026-04-15 21:30:02 - train: epoch 28, iter:160, loss: 0.2025, lr: 0.0004429600493856692
2026-04-15 21:30:03 - train: epoch 28, iter:180, loss: 0.2018, lr: 0.0004429600493856692
2026-04-15 21:30:04 - train: epoch 28, iter:200, loss: 0.2037, lr: 0.0004429600493856692
2026-04-15 21:30:05 - train: epoch 28, iter:220, loss: 0.2027, lr: 0.0004429600493856692
2026-04-15 21:30:06 - train: epoch 28, iter:240, loss: 0.2029, lr: 0.0004429600493856692
2026-04-15 21:30:07 - train: epoch 28, iter:260, loss: 0.2026, lr: 0.0004429600493856692
2026-04-15 21:30:08 - train: epoch 28, iter:280, loss: 0.2032, lr: 0.0004429600493856692
2026-04-15 21:30:09 - train: epoch 28, iter:300, loss: 0.2066, lr: 0.0004429600493856692
2026-04-15 21:30:10 - train: epoch 28, iter:320, loss: 0.2056, lr: 0.0004429600493856692
2026-04-15 21:30:11 - train: epoch 28, iter:340, loss: 0.2056, lr: 0.0004429600493856692
2026-04-15 21:30:12 - train: epoch 28, iter:360, loss: 0.2052, lr: 0.0004429600493856692
2026-04-15 21:30:21 - val epoch: 28, loss: 0.1800, miou: 0.7801132731635286, f1_or_dsc: 0.8764759916397344, accuracy: 0.9834925079345703,                 specificity: 0.9920252287437082, sensitivity: 0.8658712110957705, confusion_matrix: [[24246414   194914]
 [  237820  1535252]]
2026-04-15 21:30:22 - Best model saved at epoch 28 with loss 0.1800
2026-04-15 21:30:22 - train: epoch 29, iter:0, loss: 0.2099, lr: 0.0004122462492800661
2026-04-15 21:30:24 - train: epoch 29, iter:20, loss: 0.1928, lr: 0.0004122462492800661
2026-04-15 21:30:25 - train: epoch 29, iter:40, loss: 0.2023, lr: 0.0004122462492800661
2026-04-15 21:30:26 - train: epoch 29, iter:60, loss: 0.1954, lr: 0.0004122462492800661
2026-04-15 21:30:27 - train: epoch 29, iter:80, loss: 0.2040, lr: 0.0004122462492800661
2026-04-15 21:30:28 - train: epoch 29, iter:100, loss: 0.2064, lr: 0.0004122462492800661
2026-04-15 21:30:29 - train: epoch 29, iter:120, loss: 0.2034, lr: 0.0004122462492800661
2026-04-15 21:30:30 - train: epoch 29, iter:140, loss: 0.2051, lr: 0.0004122462492800661
2026-04-15 21:30:31 - train: epoch 29, iter:160, loss: 0.2064, lr: 0.0004122462492800661
2026-04-15 21:30:32 - train: epoch 29, iter:180, loss: 0.2101, lr: 0.0004122462492800661
2026-04-15 21:30:33 - train: epoch 29, iter:200, loss: 0.2100, lr: 0.0004122462492800661
2026-04-15 21:30:34 - train: epoch 29, iter:220, loss: 0.2075, lr: 0.0004122462492800661
2026-04-15 21:30:35 - train: epoch 29, iter:240, loss: 0.2066, lr: 0.0004122462492800661
2026-04-15 21:30:36 - train: epoch 29, iter:260, loss: 0.2070, lr: 0.0004122462492800661
2026-04-15 21:30:37 - train: epoch 29, iter:280, loss: 0.2054, lr: 0.0004122462492800661
2026-04-15 21:30:38 - train: epoch 29, iter:300, loss: 0.2044, lr: 0.0004122462492800661
2026-04-15 21:30:39 - train: epoch 29, iter:320, loss: 0.2047, lr: 0.0004122462492800661
2026-04-15 21:30:40 - train: epoch 29, iter:340, loss: 0.2043, lr: 0.0004122462492800661
2026-04-15 21:30:41 - train: epoch 29, iter:360, loss: 0.2035, lr: 0.0004122462492800661
2026-04-15 21:30:46 - val epoch: 29, loss: 0.1802
2026-04-15 21:30:47 - train: epoch 30, iter:0, loss: 0.1584, lr: 0.0003818985058533967
2026-04-15 21:30:48 - train: epoch 30, iter:20, loss: 0.1944, lr: 0.0003818985058533967
2026-04-15 21:30:49 - train: epoch 30, iter:40, loss: 0.1917, lr: 0.0003818985058533967
2026-04-15 21:30:50 - train: epoch 30, iter:60, loss: 0.1908, lr: 0.0003818985058533967
2026-04-15 21:30:51 - train: epoch 30, iter:80, loss: 0.1884, lr: 0.0003818985058533967
2026-04-15 21:30:52 - train: epoch 30, iter:100, loss: 0.1879, lr: 0.0003818985058533967
2026-04-15 21:30:53 - train: epoch 30, iter:120, loss: 0.1887, lr: 0.0003818985058533967
2026-04-15 21:30:54 - train: epoch 30, iter:140, loss: 0.1864, lr: 0.0003818985058533967
2026-04-15 21:30:55 - train: epoch 30, iter:160, loss: 0.1849, lr: 0.0003818985058533967
2026-04-15 21:30:57 - train: epoch 30, iter:180, loss: 0.1868, lr: 0.0003818985058533967
2026-04-15 21:30:57 - train: epoch 30, iter:200, loss: 0.1878, lr: 0.0003818985058533967
2026-04-15 21:30:58 - train: epoch 30, iter:220, loss: 0.1909, lr: 0.0003818985058533967
2026-04-15 21:30:59 - train: epoch 30, iter:240, loss: 0.1904, lr: 0.0003818985058533967
2026-04-15 21:31:00 - train: epoch 30, iter:260, loss: 0.1940, lr: 0.0003818985058533967
2026-04-15 21:31:01 - train: epoch 30, iter:280, loss: 0.1954, lr: 0.0003818985058533967
2026-04-15 21:31:02 - train: epoch 30, iter:300, loss: 0.1976, lr: 0.0003818985058533967
2026-04-15 21:31:03 - train: epoch 30, iter:320, loss: 0.1990, lr: 0.0003818985058533967
2026-04-15 21:31:04 - train: epoch 30, iter:340, loss: 0.1997, lr: 0.0003818985058533967
2026-04-15 21:31:05 - train: epoch 30, iter:360, loss: 0.2012, lr: 0.0003818985058533967
2026-04-15 21:31:15 - val epoch: 30, loss: 0.1808, miou: 0.7718944462738861, f1_or_dsc: 0.8712645924220843, accuracy: 0.9835640335083008,                 specificity: 0.9952626960368111, sensitivity: 0.8223010684281292, confusion_matrix: [[24325542   115786]
 [  315073  1457999]]
2026-04-15 21:31:15 - train: epoch 31, iter:0, loss: 0.1384, lr: 0.00035203658778440103
2026-04-15 21:31:17 - train: epoch 31, iter:20, loss: 0.1868, lr: 0.00035203658778440103
2026-04-15 21:31:18 - train: epoch 31, iter:40, loss: 0.2053, lr: 0.00035203658778440103
2026-04-15 21:31:19 - train: epoch 31, iter:60, loss: 0.2081, lr: 0.00035203658778440103
2026-04-15 21:31:20 - train: epoch 31, iter:80, loss: 0.1962, lr: 0.00035203658778440103
2026-04-15 21:31:21 - train: epoch 31, iter:100, loss: 0.1989, lr: 0.00035203658778440103
2026-04-15 21:31:22 - train: epoch 31, iter:120, loss: 0.1991, lr: 0.00035203658778440103
2026-04-15 21:31:23 - train: epoch 31, iter:140, loss: 0.1967, lr: 0.00035203658778440103
2026-04-15 21:31:24 - train: epoch 31, iter:160, loss: 0.1982, lr: 0.00035203658778440103
2026-04-15 21:31:25 - train: epoch 31, iter:180, loss: 0.1984, lr: 0.00035203658778440103
2026-04-15 21:31:26 - train: epoch 31, iter:200, loss: 0.2011, lr: 0.00035203658778440103
2026-04-15 21:31:27 - train: epoch 31, iter:220, loss: 0.2014, lr: 0.00035203658778440103
2026-04-15 21:31:28 - train: epoch 31, iter:240, loss: 0.1995, lr: 0.00035203658778440103
2026-04-15 21:31:29 - train: epoch 31, iter:260, loss: 0.1984, lr: 0.00035203658778440103
2026-04-15 21:31:30 - train: epoch 31, iter:280, loss: 0.1971, lr: 0.00035203658778440103
2026-04-15 21:31:31 - train: epoch 31, iter:300, loss: 0.1994, lr: 0.00035203658778440103
2026-04-15 21:31:32 - train: epoch 31, iter:320, loss: 0.1989, lr: 0.00035203658778440103
2026-04-15 21:31:33 - train: epoch 31, iter:340, loss: 0.1986, lr: 0.00035203658778440103
2026-04-15 21:31:34 - train: epoch 31, iter:360, loss: 0.1976, lr: 0.00035203658778440103
2026-04-15 21:31:39 - val epoch: 31, loss: 0.1845
2026-04-15 21:31:40 - train: epoch 32, iter:0, loss: 0.4517, lr: 0.00032277834642108444
2026-04-15 21:31:41 - train: epoch 32, iter:20, loss: 0.1968, lr: 0.00032277834642108444
2026-04-15 21:31:42 - train: epoch 32, iter:40, loss: 0.1959, lr: 0.00032277834642108444
2026-04-15 21:31:43 - train: epoch 32, iter:60, loss: 0.1897, lr: 0.00032277834642108444
2026-04-15 21:31:44 - train: epoch 32, iter:80, loss: 0.1954, lr: 0.00032277834642108444
2026-04-15 21:31:45 - train: epoch 32, iter:100, loss: 0.1934, lr: 0.00032277834642108444
2026-04-15 21:31:46 - train: epoch 32, iter:120, loss: 0.1928, lr: 0.00032277834642108444
2026-04-15 21:31:48 - train: epoch 32, iter:140, loss: 0.1909, lr: 0.00032277834642108444
2026-04-15 21:31:49 - train: epoch 32, iter:160, loss: 0.1910, lr: 0.00032277834642108444
2026-04-15 21:31:50 - train: epoch 32, iter:180, loss: 0.1915, lr: 0.00032277834642108444
2026-04-15 21:31:51 - train: epoch 32, iter:200, loss: 0.1906, lr: 0.00032277834642108444
2026-04-15 21:31:52 - train: epoch 32, iter:220, loss: 0.1913, lr: 0.00032277834642108444
2026-04-15 21:31:53 - train: epoch 32, iter:240, loss: 0.1908, lr: 0.00032277834642108444
2026-04-15 21:31:54 - train: epoch 32, iter:260, loss: 0.1940, lr: 0.00032277834642108444
2026-04-15 21:31:55 - train: epoch 32, iter:280, loss: 0.1950, lr: 0.00032277834642108444
2026-04-15 21:31:56 - train: epoch 32, iter:300, loss: 0.1961, lr: 0.00032277834642108444
2026-04-15 21:31:57 - train: epoch 32, iter:320, loss: 0.1952, lr: 0.00032277834642108444
2026-04-15 21:31:58 - train: epoch 32, iter:340, loss: 0.1957, lr: 0.00032277834642108444
2026-04-15 21:31:59 - train: epoch 32, iter:360, loss: 0.1958, lr: 0.00032277834642108444
2026-04-15 21:32:08 - val epoch: 32, loss: 0.1707, miou: 0.7906978290739777, f1_or_dsc: 0.8831169795775881, accuracy: 0.9843921279907226,                 specificity: 0.992563333710836, sensitivity: 0.8717542209227827, confusion_matrix: [[24259566   181762]
 [  227389  1545683]]
2026-04-15 21:32:08 - Best model saved at epoch 32 with loss 0.1707
2026-04-15 21:32:08 - train: epoch 33, iter:0, loss: 0.1103, lr: 0.0002942392506752889
2026-04-15 21:32:09 - train: epoch 33, iter:20, loss: 0.1958, lr: 0.0002942392506752889
2026-04-15 21:32:11 - train: epoch 33, iter:40, loss: 0.2009, lr: 0.0002942392506752889
2026-04-15 21:32:12 - train: epoch 33, iter:60, loss: 0.2048, lr: 0.0002942392506752889
2026-04-15 21:32:13 - train: epoch 33, iter:80, loss: 0.1990, lr: 0.0002942392506752889
2026-04-15 21:32:14 - train: epoch 33, iter:100, loss: 0.1973, lr: 0.0002942392506752889
2026-04-15 21:32:15 - train: epoch 33, iter:120, loss: 0.1944, lr: 0.0002942392506752889
2026-04-15 21:32:16 - train: epoch 33, iter:140, loss: 0.1977, lr: 0.0002942392506752889
2026-04-15 21:32:17 - train: epoch 33, iter:160, loss: 0.1973, lr: 0.0002942392506752889
2026-04-15 21:32:18 - train: epoch 33, iter:180, loss: 0.1973, lr: 0.0002942392506752889
2026-04-15 21:32:19 - train: epoch 33, iter:200, loss: 0.2025, lr: 0.0002942392506752889
2026-04-15 21:32:20 - train: epoch 33, iter:220, loss: 0.2011, lr: 0.0002942392506752889
2026-04-15 21:32:21 - train: epoch 33, iter:240, loss: 0.1999, lr: 0.0002942392506752889
2026-04-15 21:32:22 - train: epoch 33, iter:260, loss: 0.1993, lr: 0.0002942392506752889
2026-04-15 21:32:23 - train: epoch 33, iter:280, loss: 0.1995, lr: 0.0002942392506752889
2026-04-15 21:32:24 - train: epoch 33, iter:300, loss: 0.1977, lr: 0.0002942392506752889
2026-04-15 21:32:25 - train: epoch 33, iter:320, loss: 0.1974, lr: 0.0002942392506752889
2026-04-15 21:32:26 - train: epoch 33, iter:340, loss: 0.1965, lr: 0.0002942392506752889
2026-04-15 21:32:27 - train: epoch 33, iter:360, loss: 0.1958, lr: 0.0002942392506752889
2026-04-15 21:32:32 - val epoch: 33, loss: 0.1806
2026-04-15 21:32:33 - train: epoch 34, iter:0, loss: 0.3420, lr: 0.00026653193131965077
2026-04-15 21:32:34 - train: epoch 34, iter:20, loss: 0.1835, lr: 0.00026653193131965077
2026-04-15 21:32:35 - train: epoch 34, iter:40, loss: 0.1942, lr: 0.00026653193131965077
2026-04-15 21:32:36 - train: epoch 34, iter:60, loss: 0.1899, lr: 0.00026653193131965077
2026-04-15 21:32:37 - train: epoch 34, iter:80, loss: 0.1845, lr: 0.00026653193131965077
2026-04-15 21:32:38 - train: epoch 34, iter:100, loss: 0.1907, lr: 0.00026653193131965077
2026-04-15 21:32:39 - train: epoch 34, iter:120, loss: 0.1914, lr: 0.00026653193131965077
2026-04-15 21:32:40 - train: epoch 34, iter:140, loss: 0.1935, lr: 0.00026653193131965077
2026-04-15 21:32:41 - train: epoch 34, iter:160, loss: 0.1938, lr: 0.00026653193131965077
2026-04-15 21:32:42 - train: epoch 34, iter:180, loss: 0.1951, lr: 0.00026653193131965077
2026-04-15 21:32:43 - train: epoch 34, iter:200, loss: 0.1968, lr: 0.00026653193131965077
2026-04-15 21:32:44 - train: epoch 34, iter:220, loss: 0.1968, lr: 0.00026653193131965077
2026-04-15 21:32:46 - train: epoch 34, iter:240, loss: 0.1956, lr: 0.00026653193131965077
2026-04-15 21:32:46 - train: epoch 34, iter:260, loss: 0.1967, lr: 0.00026653193131965077
2026-04-15 21:32:48 - train: epoch 34, iter:280, loss: 0.1972, lr: 0.00026653193131965077
2026-04-15 21:32:49 - train: epoch 34, iter:300, loss: 0.1950, lr: 0.00026653193131965077
2026-04-15 21:32:50 - train: epoch 34, iter:320, loss: 0.1949, lr: 0.00026653193131965077
2026-04-15 21:32:51 - train: epoch 34, iter:340, loss: 0.1955, lr: 0.00026653193131965077
2026-04-15 21:32:52 - train: epoch 34, iter:360, loss: 0.1951, lr: 0.00026653193131965077
2026-04-15 21:33:01 - val epoch: 34, loss: 0.1714, miou: 0.7855262375434285, f1_or_dsc: 0.8798820437656241, accuracy: 0.9837654495239258,                 specificity: 0.9913579982233371, sensitivity: 0.8791041762545457, confusion_matrix: [[24230106   211222]
 [  214357  1558715]]
2026-04-15 21:33:01 - train: epoch 35, iter:0, loss: 0.3032, lr: 0.00023976573648539642
2026-04-15 21:33:03 - train: epoch 35, iter:20, loss: 0.1899, lr: 0.00023976573648539642
2026-04-15 21:33:04 - train: epoch 35, iter:40, loss: 0.1866, lr: 0.00023976573648539642
2026-04-15 21:33:05 - train: epoch 35, iter:60, loss: 0.1882, lr: 0.00023976573648539642
2026-04-15 21:33:06 - train: epoch 35, iter:80, loss: 0.1921, lr: 0.00023976573648539642
2026-04-15 21:33:07 - train: epoch 35, iter:100, loss: 0.1978, lr: 0.00023976573648539642
2026-04-15 21:33:08 - train: epoch 35, iter:120, loss: 0.1936, lr: 0.00023976573648539642
2026-04-15 21:33:09 - train: epoch 35, iter:140, loss: 0.1933, lr: 0.00023976573648539642
2026-04-15 21:33:10 - train: epoch 35, iter:160, loss: 0.1919, lr: 0.00023976573648539642
2026-04-15 21:33:11 - train: epoch 35, iter:180, loss: 0.1943, lr: 0.00023976573648539642
2026-04-15 21:33:12 - train: epoch 35, iter:200, loss: 0.1921, lr: 0.00023976573648539642
2026-04-15 21:33:13 - train: epoch 35, iter:220, loss: 0.1916, lr: 0.00023976573648539642
2026-04-15 21:33:14 - train: epoch 35, iter:240, loss: 0.1898, lr: 0.00023976573648539642
2026-04-15 21:33:15 - train: epoch 35, iter:260, loss: 0.1894, lr: 0.00023976573648539642
2026-04-15 21:33:16 - train: epoch 35, iter:280, loss: 0.1896, lr: 0.00023976573648539642
2026-04-15 21:33:17 - train: epoch 35, iter:300, loss: 0.1896, lr: 0.00023976573648539642
2026-04-15 21:33:18 - train: epoch 35, iter:320, loss: 0.1932, lr: 0.00023976573648539642
2026-04-15 21:33:19 - train: epoch 35, iter:340, loss: 0.1937, lr: 0.00023976573648539642
2026-04-15 21:33:20 - train: epoch 35, iter:360, loss: 0.1934, lr: 0.00023976573648539642
2026-04-15 21:33:25 - val epoch: 35, loss: 0.1698
2026-04-15 21:33:26 - Best model saved at epoch 35 with loss 0.1698
2026-04-15 21:33:26 - train: epoch 36, iter:0, loss: 0.2105, lr: 0.00021404630011522574
2026-04-15 21:33:27 - train: epoch 36, iter:20, loss: 0.1854, lr: 0.00021404630011522574
2026-04-15 21:33:28 - train: epoch 36, iter:40, loss: 0.1893, lr: 0.00021404630011522574
2026-04-15 21:33:29 - train: epoch 36, iter:60, loss: 0.1939, lr: 0.00021404630011522574
2026-04-15 21:33:30 - train: epoch 36, iter:80, loss: 0.2007, lr: 0.00021404630011522574
2026-04-15 21:33:31 - train: epoch 36, iter:100, loss: 0.1996, lr: 0.00021404630011522574
2026-04-15 21:33:33 - train: epoch 36, iter:120, loss: 0.1987, lr: 0.00021404630011522574
2026-04-15 21:33:34 - train: epoch 36, iter:140, loss: 0.2018, lr: 0.00021404630011522574
2026-04-15 21:33:35 - train: epoch 36, iter:160, loss: 0.1979, lr: 0.00021404630011522574
2026-04-15 21:33:36 - train: epoch 36, iter:180, loss: 0.1980, lr: 0.00021404630011522574
2026-04-15 21:33:36 - train: epoch 36, iter:200, loss: 0.1963, lr: 0.00021404630011522574
2026-04-15 21:33:38 - train: epoch 36, iter:220, loss: 0.1964, lr: 0.00021404630011522574
2026-04-15 21:33:39 - train: epoch 36, iter:240, loss: 0.1950, lr: 0.00021404630011522574
2026-04-15 21:33:40 - train: epoch 36, iter:260, loss: 0.1942, lr: 0.00021404630011522574
2026-04-15 21:33:41 - train: epoch 36, iter:280, loss: 0.1921, lr: 0.00021404630011522574
2026-04-15 21:33:42 - train: epoch 36, iter:300, loss: 0.1925, lr: 0.00021404630011522574
2026-04-15 21:33:42 - train: epoch 36, iter:320, loss: 0.1918, lr: 0.00021404630011522574
2026-04-15 21:33:43 - train: epoch 36, iter:340, loss: 0.1904, lr: 0.00021404630011522574
2026-04-15 21:33:44 - train: epoch 36, iter:360, loss: 0.1901, lr: 0.00021404630011522574
2026-04-15 21:33:54 - val epoch: 36, loss: 0.1729, miou: 0.7866698093027309, f1_or_dsc: 0.8805989838824647, accuracy: 0.9835652160644531,                 specificity: 0.9899160962121207, sensitivity: 0.8960200149796511, confusion_matrix: [[24194864   246464]
 [  184364  1588708]]
2026-04-15 21:33:54 - train: epoch 37, iter:0, loss: 0.1727, lr: 0.00018947512507439847
2026-04-15 21:33:55 - train: epoch 37, iter:20, loss: 0.1765, lr: 0.00018947512507439847
2026-04-15 21:33:56 - train: epoch 37, iter:40, loss: 0.1831, lr: 0.00018947512507439847
2026-04-15 21:33:58 - train: epoch 37, iter:60, loss: 0.1954, lr: 0.00018947512507439847
2026-04-15 21:33:59 - train: epoch 37, iter:80, loss: 0.1929, lr: 0.00018947512507439847
2026-04-15 21:34:00 - train: epoch 37, iter:100, loss: 0.1910, lr: 0.00018947512507439847
2026-04-15 21:34:01 - train: epoch 37, iter:120, loss: 0.1924, lr: 0.00018947512507439847
2026-04-15 21:34:02 - train: epoch 37, iter:140, loss: 0.1892, lr: 0.00018947512507439847
2026-04-15 21:34:03 - train: epoch 37, iter:160, loss: 0.1901, lr: 0.00018947512507439847
2026-04-15 21:34:04 - train: epoch 37, iter:180, loss: 0.1922, lr: 0.00018947512507439847
2026-04-15 21:34:05 - train: epoch 37, iter:200, loss: 0.1907, lr: 0.00018947512507439847
2026-04-15 21:34:06 - train: epoch 37, iter:220, loss: 0.1913, lr: 0.00018947512507439847
2026-04-15 21:34:07 - train: epoch 37, iter:240, loss: 0.1895, lr: 0.00018947512507439847
2026-04-15 21:34:08 - train: epoch 37, iter:260, loss: 0.1909, lr: 0.00018947512507439847
2026-04-15 21:34:09 - train: epoch 37, iter:280, loss: 0.1896, lr: 0.00018947512507439847
2026-04-15 21:34:10 - train: epoch 37, iter:300, loss: 0.1891, lr: 0.00018947512507439847
2026-04-15 21:34:11 - train: epoch 37, iter:320, loss: 0.1886, lr: 0.00018947512507439847
2026-04-15 21:34:12 - train: epoch 37, iter:340, loss: 0.1887, lr: 0.00018947512507439847
2026-04-15 21:34:13 - train: epoch 37, iter:360, loss: 0.1894, lr: 0.00018947512507439847
2026-04-15 21:34:18 - val epoch: 37, loss: 0.1757
2026-04-15 21:34:19 - train: epoch 38, iter:0, loss: 0.1635, lr: 0.000166149182565299
2026-04-15 21:34:20 - train: epoch 38, iter:20, loss: 0.2008, lr: 0.000166149182565299
2026-04-15 21:34:21 - train: epoch 38, iter:40, loss: 0.1934, lr: 0.000166149182565299
2026-04-15 21:34:22 - train: epoch 38, iter:60, loss: 0.1984, lr: 0.000166149182565299
2026-04-15 21:34:23 - train: epoch 38, iter:80, loss: 0.1929, lr: 0.000166149182565299
2026-04-15 21:34:24 - train: epoch 38, iter:100, loss: 0.1882, lr: 0.000166149182565299
2026-04-15 21:34:25 - train: epoch 38, iter:120, loss: 0.1908, lr: 0.000166149182565299
2026-04-15 21:34:26 - train: epoch 38, iter:140, loss: 0.1902, lr: 0.000166149182565299
2026-04-15 21:34:27 - train: epoch 38, iter:160, loss: 0.1896, lr: 0.000166149182565299
2026-04-15 21:34:28 - train: epoch 38, iter:180, loss: 0.1883, lr: 0.000166149182565299
2026-04-15 21:34:29 - train: epoch 38, iter:200, loss: 0.1892, lr: 0.000166149182565299
2026-04-15 21:34:30 - train: epoch 38, iter:220, loss: 0.1924, lr: 0.000166149182565299
2026-04-15 21:34:31 - train: epoch 38, iter:240, loss: 0.1942, lr: 0.000166149182565299
2026-04-15 21:34:32 - train: epoch 38, iter:260, loss: 0.1925, lr: 0.000166149182565299
2026-04-15 21:34:33 - train: epoch 38, iter:280, loss: 0.1934, lr: 0.000166149182565299
2026-04-15 21:34:34 - train: epoch 38, iter:300, loss: 0.1926, lr: 0.000166149182565299
2026-04-15 21:34:36 - train: epoch 38, iter:320, loss: 0.1913, lr: 0.000166149182565299
2026-04-15 21:34:37 - train: epoch 38, iter:340, loss: 0.1915, lr: 0.000166149182565299
2026-04-15 21:34:38 - train: epoch 38, iter:360, loss: 0.1901, lr: 0.000166149182565299
2026-04-15 21:34:47 - val epoch: 38, loss: 0.1655, miou: 0.7956501661929913, f1_or_dsc: 0.8861973018718582, accuracy: 0.9848237991333008,                 specificity: 0.9928906890820335, sensitivity: 0.8736238573504065, confusion_matrix: [[24267567   173761]
 [  224074  1548998]]
2026-04-15 21:34:47 - Best model saved at epoch 38 with loss 0.1655
2026-04-15 21:34:47 - train: epoch 39, iter:0, loss: 0.1928, lr: 0.00014416052942640132
2026-04-15 21:34:48 - train: epoch 39, iter:20, loss: 0.1985, lr: 0.00014416052942640132
2026-04-15 21:34:50 - train: epoch 39, iter:40, loss: 0.1908, lr: 0.00014416052942640132
2026-04-15 21:34:51 - train: epoch 39, iter:60, loss: 0.1851, lr: 0.00014416052942640132
2026-04-15 21:34:52 - train: epoch 39, iter:80, loss: 0.1808, lr: 0.00014416052942640132
2026-04-15 21:34:53 - train: epoch 39, iter:100, loss: 0.1825, lr: 0.00014416052942640132
2026-04-15 21:34:54 - train: epoch 39, iter:120, loss: 0.1821, lr: 0.00014416052942640132
2026-04-15 21:34:55 - train: epoch 39, iter:140, loss: 0.1803, lr: 0.00014416052942640132
2026-04-15 21:34:56 - train: epoch 39, iter:160, loss: 0.1806, lr: 0.00014416052942640132
2026-04-15 21:34:57 - train: epoch 39, iter:180, loss: 0.1810, lr: 0.00014416052942640132
2026-04-15 21:34:58 - train: epoch 39, iter:200, loss: 0.1837, lr: 0.00014416052942640132
2026-04-15 21:34:59 - train: epoch 39, iter:220, loss: 0.1838, lr: 0.00014416052942640132
2026-04-15 21:35:00 - train: epoch 39, iter:240, loss: 0.1838, lr: 0.00014416052942640132
2026-04-15 21:35:01 - train: epoch 39, iter:260, loss: 0.1831, lr: 0.00014416052942640132
2026-04-15 21:35:02 - train: epoch 39, iter:280, loss: 0.1825, lr: 0.00014416052942640132
2026-04-15 21:35:03 - train: epoch 39, iter:300, loss: 0.1828, lr: 0.00014416052942640132
2026-04-15 21:35:04 - train: epoch 39, iter:320, loss: 0.1832, lr: 0.00014416052942640132
2026-04-15 21:35:05 - train: epoch 39, iter:340, loss: 0.1844, lr: 0.00014416052942640132
2026-04-15 21:35:06 - train: epoch 39, iter:360, loss: 0.1855, lr: 0.00014416052942640132
2026-04-15 21:35:11 - val epoch: 39, loss: 0.1708
2026-04-15 21:35:12 - train: epoch 40, iter:0, loss: 0.2992, lr: 0.00012359594482598432
2026-04-15 21:35:13 - train: epoch 40, iter:20, loss: 0.2000, lr: 0.00012359594482598432
2026-04-15 21:35:14 - train: epoch 40, iter:40, loss: 0.1938, lr: 0.00012359594482598432
2026-04-15 21:35:15 - train: epoch 40, iter:60, loss: 0.1928, lr: 0.00012359594482598432
2026-04-15 21:35:16 - train: epoch 40, iter:80, loss: 0.1888, lr: 0.00012359594482598432
2026-04-15 21:35:17 - train: epoch 40, iter:100, loss: 0.1873, lr: 0.00012359594482598432
2026-04-15 21:35:18 - train: epoch 40, iter:120, loss: 0.1870, lr: 0.00012359594482598432
2026-04-15 21:35:19 - train: epoch 40, iter:140, loss: 0.1888, lr: 0.00012359594482598432
2026-04-15 21:35:20 - train: epoch 40, iter:160, loss: 0.1862, lr: 0.00012359594482598432
2026-04-15 21:35:21 - train: epoch 40, iter:180, loss: 0.1851, lr: 0.00012359594482598432
2026-04-15 21:35:22 - train: epoch 40, iter:200, loss: 0.1821, lr: 0.00012359594482598432
2026-04-15 21:35:23 - train: epoch 40, iter:220, loss: 0.1823, lr: 0.00012359594482598432
2026-04-15 21:35:24 - train: epoch 40, iter:240, loss: 0.1849, lr: 0.00012359594482598432
2026-04-15 21:35:25 - train: epoch 40, iter:260, loss: 0.1851, lr: 0.00012359594482598432
2026-04-15 21:35:26 - train: epoch 40, iter:280, loss: 0.1854, lr: 0.00012359594482598432
2026-04-15 21:35:27 - train: epoch 40, iter:300, loss: 0.1865, lr: 0.00012359594482598432
2026-04-15 21:35:28 - train: epoch 40, iter:320, loss: 0.1858, lr: 0.00012359594482598432
2026-04-15 21:35:29 - train: epoch 40, iter:340, loss: 0.1858, lr: 0.00012359594482598432
2026-04-15 21:35:30 - train: epoch 40, iter:360, loss: 0.1861, lr: 0.00012359594482598432
2026-04-15 21:35:40 - val epoch: 40, loss: 0.1651, miou: 0.7945332832801308, f1_or_dsc: 0.8855040925491737, accuracy: 0.9844451904296875,                 specificity: 0.9913473195891811, sensitivity: 0.8893011676908777, confusion_matrix: [[24229845   211483]
 [  196277  1576795]]
2026-04-15 21:35:40 - Best model saved at epoch 40 with loss 0.1651
2026-04-15 21:35:40 - train: epoch 41, iter:0, loss: 0.0892, lr: 0.00010453658778440102
2026-04-15 21:35:41 - train: epoch 41, iter:20, loss: 0.1898, lr: 0.00010453658778440102
2026-04-15 21:35:42 - train: epoch 41, iter:40, loss: 0.1778, lr: 0.00010453658778440102
2026-04-15 21:35:43 - train: epoch 41, iter:60, loss: 0.1792, lr: 0.00010453658778440102
2026-04-15 21:35:44 - train: epoch 41, iter:80, loss: 0.1857, lr: 0.00010453658778440102
2026-04-15 21:35:46 - train: epoch 41, iter:100, loss: 0.1891, lr: 0.00010453658778440102
2026-04-15 21:35:47 - train: epoch 41, iter:120, loss: 0.1897, lr: 0.00010453658778440102
2026-04-15 21:35:48 - train: epoch 41, iter:140, loss: 0.1914, lr: 0.00010453658778440102
2026-04-15 21:35:49 - train: epoch 41, iter:160, loss: 0.1941, lr: 0.00010453658778440102
2026-04-15 21:35:50 - train: epoch 41, iter:180, loss: 0.1922, lr: 0.00010453658778440102
2026-04-15 21:35:51 - train: epoch 41, iter:200, loss: 0.1914, lr: 0.00010453658778440102
2026-04-15 21:35:52 - train: epoch 41, iter:220, loss: 0.1913, lr: 0.00010453658778440102
2026-04-15 21:35:53 - train: epoch 41, iter:240, loss: 0.1887, lr: 0.00010453658778440102
2026-04-15 21:35:54 - train: epoch 41, iter:260, loss: 0.1866, lr: 0.00010453658778440102
2026-04-15 21:35:55 - train: epoch 41, iter:280, loss: 0.1867, lr: 0.00010453658778440102
2026-04-15 21:35:56 - train: epoch 41, iter:300, loss: 0.1845, lr: 0.00010453658778440102
2026-04-15 21:35:57 - train: epoch 41, iter:320, loss: 0.1845, lr: 0.00010453658778440102
2026-04-15 21:35:58 - train: epoch 41, iter:340, loss: 0.1855, lr: 0.00010453658778440102
2026-04-15 21:35:59 - train: epoch 41, iter:360, loss: 0.1858, lr: 0.00010453658778440102
2026-04-15 21:36:04 - val epoch: 41, loss: 0.1582
2026-04-15 21:36:04 - Best model saved at epoch 41 with loss 0.1582
2026-04-15 21:36:05 - train: epoch 42, iter:0, loss: 0.1935, lr: 8.70576768765026e-05
2026-04-15 21:36:06 - train: epoch 42, iter:20, loss: 0.1958, lr: 8.70576768765026e-05
2026-04-15 21:36:07 - train: epoch 42, iter:40, loss: 0.1929, lr: 8.70576768765026e-05
2026-04-15 21:36:08 - train: epoch 42, iter:60, loss: 0.1824, lr: 8.70576768765026e-05
2026-04-15 21:36:09 - train: epoch 42, iter:80, loss: 0.1836, lr: 8.70576768765026e-05
2026-04-15 21:36:10 - train: epoch 42, iter:100, loss: 0.1862, lr: 8.70576768765026e-05
2026-04-15 21:36:11 - train: epoch 42, iter:120, loss: 0.1831, lr: 8.70576768765026e-05
2026-04-15 21:36:12 - train: epoch 42, iter:140, loss: 0.1818, lr: 8.70576768765026e-05
2026-04-15 21:36:13 - train: epoch 42, iter:160, loss: 0.1835, lr: 8.70576768765026e-05
2026-04-15 21:36:14 - train: epoch 42, iter:180, loss: 0.1824, lr: 8.70576768765026e-05
2026-04-15 21:36:15 - train: epoch 42, iter:200, loss: 0.1835, lr: 8.70576768765026e-05
2026-04-15 21:36:16 - train: epoch 42, iter:220, loss: 0.1861, lr: 8.70576768765026e-05
2026-04-15 21:36:17 - train: epoch 42, iter:240, loss: 0.1870, lr: 8.70576768765026e-05
2026-04-15 21:36:18 - train: epoch 42, iter:260, loss: 0.1890, lr: 8.70576768765026e-05
2026-04-15 21:36:19 - train: epoch 42, iter:280, loss: 0.1892, lr: 8.70576768765026e-05
2026-04-15 21:36:20 - train: epoch 42, iter:300, loss: 0.1882, lr: 8.70576768765026e-05
2026-04-15 21:36:21 - train: epoch 42, iter:320, loss: 0.1878, lr: 8.70576768765026e-05
2026-04-15 21:36:22 - train: epoch 42, iter:340, loss: 0.1871, lr: 8.70576768765026e-05
2026-04-15 21:36:23 - train: epoch 42, iter:360, loss: 0.1859, lr: 8.70576768765026e-05
2026-04-15 21:36:33 - val epoch: 42, loss: 0.1601, miou: 0.7987926247438301, f1_or_dsc: 0.8881430952693481, accuracy: 0.9848839950561523,                 specificity: 0.9919675395706813, sensitivity: 0.8872392096880443, confusion_matrix: [[24245004   196324]
 [  199933  1573139]]
2026-04-15 21:36:33 - train: epoch 43, iter:0, loss: 0.1029, lr: 7.12281933782875e-05
2026-04-15 21:36:35 - train: epoch 43, iter:20, loss: 0.1596, lr: 7.12281933782875e-05
2026-04-15 21:36:36 - train: epoch 43, iter:40, loss: 0.1699, lr: 7.12281933782875e-05
2026-04-15 21:36:37 - train: epoch 43, iter:60, loss: 0.1684, lr: 7.12281933782875e-05
2026-04-15 21:36:38 - train: epoch 43, iter:80, loss: 0.1789, lr: 7.12281933782875e-05
2026-04-15 21:36:39 - train: epoch 43, iter:100, loss: 0.1824, lr: 7.12281933782875e-05
2026-04-15 21:36:40 - train: epoch 43, iter:120, loss: 0.1872, lr: 7.12281933782875e-05
2026-04-15 21:36:41 - train: epoch 43, iter:140, loss: 0.1863, lr: 7.12281933782875e-05
2026-04-15 21:36:42 - train: epoch 43, iter:160, loss: 0.1850, lr: 7.12281933782875e-05
2026-04-15 21:36:43 - train: epoch 43, iter:180, loss: 0.1838, lr: 7.12281933782875e-05
2026-04-15 21:36:44 - train: epoch 43, iter:200, loss: 0.1848, lr: 7.12281933782875e-05
2026-04-15 21:36:45 - train: epoch 43, iter:220, loss: 0.1871, lr: 7.12281933782875e-05
2026-04-15 21:36:46 - train: epoch 43, iter:240, loss: 0.1861, lr: 7.12281933782875e-05
2026-04-15 21:36:47 - train: epoch 43, iter:260, loss: 0.1852, lr: 7.12281933782875e-05
2026-04-15 21:36:48 - train: epoch 43, iter:280, loss: 0.1843, lr: 7.12281933782875e-05
2026-04-15 21:36:49 - train: epoch 43, iter:300, loss: 0.1837, lr: 7.12281933782875e-05
2026-04-15 21:36:50 - train: epoch 43, iter:320, loss: 0.1827, lr: 7.12281933782875e-05
2026-04-15 21:36:51 - train: epoch 43, iter:340, loss: 0.1829, lr: 7.12281933782875e-05
2026-04-15 21:36:52 - train: epoch 43, iter:360, loss: 0.1823, lr: 7.12281933782875e-05
2026-04-15 21:36:57 - val epoch: 43, loss: 0.1585
2026-04-15 21:36:58 - train: epoch 44, iter:0, loss: 0.1359, lr: 5.71106090293204e-05
2026-04-15 21:36:59 - train: epoch 44, iter:20, loss: 0.1728, lr: 5.71106090293204e-05
2026-04-15 21:37:00 - train: epoch 44, iter:40, loss: 0.1658, lr: 5.71106090293204e-05
2026-04-15 21:37:01 - train: epoch 44, iter:60, loss: 0.1733, lr: 5.71106090293204e-05
2026-04-15 21:37:02 - train: epoch 44, iter:80, loss: 0.1751, lr: 5.71106090293204e-05
2026-04-15 21:37:03 - train: epoch 44, iter:100, loss: 0.1746, lr: 5.71106090293204e-05
2026-04-15 21:37:04 - train: epoch 44, iter:120, loss: 0.1774, lr: 5.71106090293204e-05
2026-04-15 21:37:05 - train: epoch 44, iter:140, loss: 0.1769, lr: 5.71106090293204e-05
2026-04-15 21:37:06 - train: epoch 44, iter:160, loss: 0.1784, lr: 5.71106090293204e-05
2026-04-15 21:37:07 - train: epoch 44, iter:180, loss: 0.1801, lr: 5.71106090293204e-05
2026-04-15 21:37:08 - train: epoch 44, iter:200, loss: 0.1821, lr: 5.71106090293204e-05
2026-04-15 21:37:09 - train: epoch 44, iter:220, loss: 0.1812, lr: 5.71106090293204e-05
2026-04-15 21:37:10 - train: epoch 44, iter:240, loss: 0.1818, lr: 5.71106090293204e-05
2026-04-15 21:37:11 - train: epoch 44, iter:260, loss: 0.1824, lr: 5.71106090293204e-05
2026-04-15 21:37:13 - train: epoch 44, iter:280, loss: 0.1824, lr: 5.71106090293204e-05
2026-04-15 21:37:13 - train: epoch 44, iter:300, loss: 0.1826, lr: 5.71106090293204e-05
2026-04-15 21:37:14 - train: epoch 44, iter:320, loss: 0.1820, lr: 5.71106090293204e-05
2026-04-15 21:37:16 - train: epoch 44, iter:340, loss: 0.1812, lr: 5.71106090293204e-05
2026-04-15 21:37:17 - train: epoch 44, iter:360, loss: 0.1812, lr: 5.71106090293204e-05
2026-04-15 21:37:26 - val epoch: 44, loss: 0.1604, miou: 0.7989905613090903, f1_or_dsc: 0.8882654289499778, accuracy: 0.9848091125488281,                 specificity: 0.9914886376059435, sensitivity: 0.892733628414413, confusion_matrix: [[24233299   208029]
 [  190191  1582881]]
2026-04-15 21:37:27 - train: epoch 45, iter:0, loss: 0.1192, lr: 4.4760639485315563e-05
2026-04-15 21:37:28 - train: epoch 45, iter:20, loss: 0.1646, lr: 4.4760639485315563e-05
2026-04-15 21:37:29 - train: epoch 45, iter:40, loss: 0.1724, lr: 4.4760639485315563e-05
2026-04-15 21:37:30 - train: epoch 45, iter:60, loss: 0.1829, lr: 4.4760639485315563e-05
2026-04-15 21:37:31 - train: epoch 45, iter:80, loss: 0.1836, lr: 4.4760639485315563e-05
2026-04-15 21:37:32 - train: epoch 45, iter:100, loss: 0.1843, lr: 4.4760639485315563e-05
2026-04-15 21:37:33 - train: epoch 45, iter:120, loss: 0.1806, lr: 4.4760639485315563e-05
2026-04-15 21:37:34 - train: epoch 45, iter:140, loss: 0.1803, lr: 4.4760639485315563e-05
2026-04-15 21:37:35 - train: epoch 45, iter:160, loss: 0.1813, lr: 4.4760639485315563e-05
2026-04-15 21:37:36 - train: epoch 45, iter:180, loss: 0.1820, lr: 4.4760639485315563e-05
2026-04-15 21:37:37 - train: epoch 45, iter:200, loss: 0.1798, lr: 4.4760639485315563e-05
2026-04-15 21:37:38 - train: epoch 45, iter:220, loss: 0.1787, lr: 4.4760639485315563e-05
2026-04-15 21:37:39 - train: epoch 45, iter:240, loss: 0.1805, lr: 4.4760639485315563e-05
2026-04-15 21:37:40 - train: epoch 45, iter:260, loss: 0.1820, lr: 4.4760639485315563e-05
2026-04-15 21:37:41 - train: epoch 45, iter:280, loss: 0.1826, lr: 4.4760639485315563e-05
2026-04-15 21:37:42 - train: epoch 45, iter:300, loss: 0.1820, lr: 4.4760639485315563e-05
2026-04-15 21:37:43 - train: epoch 45, iter:320, loss: 0.1817, lr: 4.4760639485315563e-05
2026-04-15 21:37:44 - train: epoch 45, iter:340, loss: 0.1815, lr: 4.4760639485315563e-05
2026-04-15 21:37:45 - train: epoch 45, iter:360, loss: 0.1797, lr: 4.4760639485315563e-05
2026-04-15 21:37:51 - val epoch: 45, loss: 0.1585
2026-04-15 21:37:51 - train: epoch 46, iter:0, loss: 0.0941, lr: 3.422702443389899e-05
2026-04-15 21:37:53 - train: epoch 46, iter:20, loss: 0.1778, lr: 3.422702443389899e-05
2026-04-15 21:37:54 - train: epoch 46, iter:40, loss: 0.1814, lr: 3.422702443389899e-05
2026-04-15 21:37:54 - train: epoch 46, iter:60, loss: 0.1795, lr: 3.422702443389899e-05
2026-04-15 21:37:56 - train: epoch 46, iter:80, loss: 0.1767, lr: 3.422702443389899e-05
2026-04-15 21:37:57 - train: epoch 46, iter:100, loss: 0.1737, lr: 3.422702443389899e-05
2026-04-15 21:37:58 - train: epoch 46, iter:120, loss: 0.1765, lr: 3.422702443389899e-05
2026-04-15 21:37:59 - train: epoch 46, iter:140, loss: 0.1790, lr: 3.422702443389899e-05
2026-04-15 21:38:00 - train: epoch 46, iter:160, loss: 0.1794, lr: 3.422702443389899e-05
2026-04-15 21:38:01 - train: epoch 46, iter:180, loss: 0.1799, lr: 3.422702443389899e-05
2026-04-15 21:38:02 - train: epoch 46, iter:200, loss: 0.1782, lr: 3.422702443389899e-05
2026-04-15 21:38:03 - train: epoch 46, iter:220, loss: 0.1782, lr: 3.422702443389899e-05
2026-04-15 21:38:04 - train: epoch 46, iter:240, loss: 0.1783, lr: 3.422702443389899e-05
2026-04-15 21:38:05 - train: epoch 46, iter:260, loss: 0.1808, lr: 3.422702443389899e-05
2026-04-15 21:38:06 - train: epoch 46, iter:280, loss: 0.1825, lr: 3.422702443389899e-05
2026-04-15 21:38:07 - train: epoch 46, iter:300, loss: 0.1828, lr: 3.422702443389899e-05
2026-04-15 21:38:08 - train: epoch 46, iter:320, loss: 0.1832, lr: 3.422702443389899e-05
2026-04-15 21:38:09 - train: epoch 46, iter:340, loss: 0.1842, lr: 3.422702443389899e-05
2026-04-15 21:38:10 - train: epoch 46, iter:360, loss: 0.1829, lr: 3.422702443389899e-05
2026-04-15 21:38:19 - val epoch: 46, loss: 0.1583, miou: 0.8021738287111995, f1_or_dsc: 0.8902291398658956, accuracy: 0.9852155303955078,                 specificity: 0.9923878113333285, sensitivity: 0.8863475369302544, confusion_matrix: [[24255276   186052]
 [  201514  1571558]]
2026-04-15 21:38:20 - train: epoch 47, iter:0, loss: 0.1941, lr: 2.5551335241327665e-05
2026-04-15 21:38:21 - train: epoch 47, iter:20, loss: 0.1713, lr: 2.5551335241327665e-05
2026-04-15 21:38:22 - train: epoch 47, iter:40, loss: 0.1754, lr: 2.5551335241327665e-05
2026-04-15 21:38:23 - train: epoch 47, iter:60, loss: 0.1688, lr: 2.5551335241327665e-05
2026-04-15 21:38:24 - train: epoch 47, iter:80, loss: 0.1697, lr: 2.5551335241327665e-05
2026-04-15 21:38:25 - train: epoch 47, iter:100, loss: 0.1695, lr: 2.5551335241327665e-05
2026-04-15 21:38:26 - train: epoch 47, iter:120, loss: 0.1735, lr: 2.5551335241327665e-05
2026-04-15 21:38:27 - train: epoch 47, iter:140, loss: 0.1783, lr: 2.5551335241327665e-05
2026-04-15 21:38:28 - train: epoch 47, iter:160, loss: 0.1785, lr: 2.5551335241327665e-05
2026-04-15 21:38:29 - train: epoch 47, iter:180, loss: 0.1760, lr: 2.5551335241327665e-05
2026-04-15 21:38:30 - train: epoch 47, iter:200, loss: 0.1771, lr: 2.5551335241327665e-05
2026-04-15 21:38:31 - train: epoch 47, iter:220, loss: 0.1783, lr: 2.5551335241327665e-05
2026-04-15 21:38:32 - train: epoch 47, iter:240, loss: 0.1774, lr: 2.5551335241327665e-05
2026-04-15 21:38:33 - train: epoch 47, iter:260, loss: 0.1793, lr: 2.5551335241327665e-05
2026-04-15 21:38:34 - train: epoch 47, iter:280, loss: 0.1786, lr: 2.5551335241327665e-05
2026-04-15 21:38:35 - train: epoch 47, iter:300, loss: 0.1797, lr: 2.5551335241327665e-05
2026-04-15 21:38:36 - train: epoch 47, iter:320, loss: 0.1806, lr: 2.5551335241327665e-05
2026-04-15 21:38:37 - train: epoch 47, iter:340, loss: 0.1804, lr: 2.5551335241327665e-05
2026-04-15 21:38:38 - train: epoch 47, iter:360, loss: 0.1806, lr: 2.5551335241327665e-05
2026-04-15 21:38:43 - val epoch: 47, loss: 0.1585
2026-04-15 21:38:44 - train: epoch 48, iter:0, loss: 0.1610, lr: 1.876781088929908e-05
2026-04-15 21:38:45 - train: epoch 48, iter:20, loss: 0.1850, lr: 1.876781088929908e-05
2026-04-15 21:38:46 - train: epoch 48, iter:40, loss: 0.1839, lr: 1.876781088929908e-05
2026-04-15 21:38:47 - train: epoch 48, iter:60, loss: 0.1821, lr: 1.876781088929908e-05
2026-04-15 21:38:48 - train: epoch 48, iter:80, loss: 0.1845, lr: 1.876781088929908e-05
2026-04-15 21:38:49 - train: epoch 48, iter:100, loss: 0.1812, lr: 1.876781088929908e-05
2026-04-15 21:38:50 - train: epoch 48, iter:120, loss: 0.1823, lr: 1.876781088929908e-05
2026-04-15 21:38:51 - train: epoch 48, iter:140, loss: 0.1871, lr: 1.876781088929908e-05
2026-04-15 21:38:52 - train: epoch 48, iter:160, loss: 0.1871, lr: 1.876781088929908e-05
2026-04-15 21:38:53 - train: epoch 48, iter:180, loss: 0.1898, lr: 1.876781088929908e-05
2026-04-15 21:38:54 - train: epoch 48, iter:200, loss: 0.1881, lr: 1.876781088929908e-05
2026-04-15 21:38:55 - train: epoch 48, iter:220, loss: 0.1868, lr: 1.876781088929908e-05
2026-04-15 21:38:56 - train: epoch 48, iter:240, loss: 0.1839, lr: 1.876781088929908e-05
2026-04-15 21:38:57 - train: epoch 48, iter:260, loss: 0.1822, lr: 1.876781088929908e-05
2026-04-15 21:38:58 - train: epoch 48, iter:280, loss: 0.1814, lr: 1.876781088929908e-05
2026-04-15 21:38:59 - train: epoch 48, iter:300, loss: 0.1794, lr: 1.876781088929908e-05
2026-04-15 21:39:00 - train: epoch 48, iter:320, loss: 0.1793, lr: 1.876781088929908e-05
2026-04-15 21:39:02 - train: epoch 48, iter:340, loss: 0.1804, lr: 1.876781088929908e-05
2026-04-15 21:39:03 - train: epoch 48, iter:360, loss: 0.1810, lr: 1.876781088929908e-05
2026-04-15 21:39:11 - val epoch: 48, loss: 0.1583, miou: 0.8020448413191967, f1_or_dsc: 0.8901497043015372, accuracy: 0.9851250076293945,                 specificity: 0.9919495781898594, sensitivity: 0.8910501096402177, confusion_matrix: [[24244565   196763]
 [  193176  1579896]]
2026-04-15 21:39:12 - train: epoch 49, iter:0, loss: 0.1402, lr: 1.3903222849333505e-05
2026-04-15 21:39:13 - train: epoch 49, iter:20, loss: 0.1705, lr: 1.3903222849333505e-05
2026-04-15 21:39:14 - train: epoch 49, iter:40, loss: 0.1703, lr: 1.3903222849333505e-05
2026-04-15 21:39:15 - train: epoch 49, iter:60, loss: 0.1720, lr: 1.3903222849333505e-05
2026-04-15 21:39:16 - train: epoch 49, iter:80, loss: 0.1721, lr: 1.3903222849333505e-05
2026-04-15 21:39:17 - train: epoch 49, iter:100, loss: 0.1753, lr: 1.3903222849333505e-05
2026-04-15 21:39:18 - train: epoch 49, iter:120, loss: 0.1726, lr: 1.3903222849333505e-05
2026-04-15 21:39:19 - train: epoch 49, iter:140, loss: 0.1758, lr: 1.3903222849333505e-05
2026-04-15 21:39:20 - train: epoch 49, iter:160, loss: 0.1768, lr: 1.3903222849333505e-05
2026-04-15 21:39:21 - train: epoch 49, iter:180, loss: 0.1785, lr: 1.3903222849333505e-05
2026-04-15 21:39:22 - train: epoch 49, iter:200, loss: 0.1787, lr: 1.3903222849333505e-05
2026-04-15 21:39:23 - train: epoch 49, iter:220, loss: 0.1764, lr: 1.3903222849333505e-05
2026-04-15 21:39:24 - train: epoch 49, iter:240, loss: 0.1767, lr: 1.3903222849333505e-05
2026-04-15 21:39:25 - train: epoch 49, iter:260, loss: 0.1766, lr: 1.3903222849333505e-05
2026-04-15 21:39:26 - train: epoch 49, iter:280, loss: 0.1771, lr: 1.3903222849333505e-05
2026-04-15 21:39:27 - train: epoch 49, iter:300, loss: 0.1784, lr: 1.3903222849333505e-05
2026-04-15 21:39:28 - train: epoch 49, iter:320, loss: 0.1781, lr: 1.3903222849333505e-05
2026-04-15 21:39:29 - train: epoch 49, iter:340, loss: 0.1774, lr: 1.3903222849333505e-05
2026-04-15 21:39:30 - train: epoch 49, iter:360, loss: 0.1800, lr: 1.3903222849333505e-05
2026-04-15 21:39:36 - val epoch: 49, loss: 0.1569
2026-04-15 21:39:36 - Best model saved at epoch 49 with loss 0.1569
2026-04-15 21:39:36 - train: epoch 50, iter:0, loss: 0.1773, lr: 1.0976769428005579e-05
2026-04-15 21:39:38 - train: epoch 50, iter:20, loss: 0.1976, lr: 1.0976769428005579e-05
2026-04-15 21:39:38 - train: epoch 50, iter:40, loss: 0.1925, lr: 1.0976769428005579e-05
2026-04-15 21:39:39 - train: epoch 50, iter:60, loss: 0.1914, lr: 1.0976769428005579e-05
2026-04-15 21:39:40 - train: epoch 50, iter:80, loss: 0.1910, lr: 1.0976769428005579e-05
2026-04-15 21:39:41 - train: epoch 50, iter:100, loss: 0.1830, lr: 1.0976769428005579e-05
2026-04-15 21:39:42 - train: epoch 50, iter:120, loss: 0.1800, lr: 1.0976769428005579e-05
2026-04-15 21:39:43 - train: epoch 50, iter:140, loss: 0.1814, lr: 1.0976769428005579e-05
2026-04-15 21:39:44 - train: epoch 50, iter:160, loss: 0.1827, lr: 1.0976769428005579e-05
2026-04-15 21:39:45 - train: epoch 50, iter:180, loss: 0.1838, lr: 1.0976769428005579e-05
2026-04-15 21:39:46 - train: epoch 50, iter:200, loss: 0.1839, lr: 1.0976769428005579e-05
2026-04-15 21:39:47 - train: epoch 50, iter:220, loss: 0.1827, lr: 1.0976769428005579e-05
2026-04-15 21:39:48 - train: epoch 50, iter:240, loss: 0.1830, lr: 1.0976769428005579e-05
2026-04-15 21:39:49 - train: epoch 50, iter:260, loss: 0.1824, lr: 1.0976769428005579e-05
2026-04-15 21:39:50 - train: epoch 50, iter:280, loss: 0.1805, lr: 1.0976769428005579e-05
2026-04-15 21:39:51 - train: epoch 50, iter:300, loss: 0.1812, lr: 1.0976769428005579e-05
2026-04-15 21:39:52 - train: epoch 50, iter:320, loss: 0.1799, lr: 1.0976769428005579e-05
2026-04-15 21:39:53 - train: epoch 50, iter:340, loss: 0.1794, lr: 1.0976769428005579e-05
2026-04-15 21:39:54 - train: epoch 50, iter:360, loss: 0.1785, lr: 1.0976769428005579e-05
2026-04-15 21:40:03 - val epoch: 50, loss: 0.1570, miou: 0.8019423173446931, f1_or_dsc: 0.8900865578498868, accuracy: 0.9853236389160156,                 specificity: 0.993066947917069, sensitivity: 0.878584174810724, confusion_matrix: [[24271875   169453]
 [  215279  1557793]]
